#
# There is insufficient memory for the Java Runtime Environment to continue.
# Native memory allocation (malloc) failed to allocate 694688 bytes. Error detail: Chunk::new
# Possible reasons:
#   The system is out of physical RAM or swap space
#   This process is running with CompressedOops enabled, and the Java Heap may be blocking the growth of the native heap
# Possible solutions:
#   Reduce memory load on the system
#   Increase physical memory or swap space
#   Check if swap backing store is full
#   Decrease Java heap size (-Xmx/-Xms)
#   Decrease number of Java threads
#   Decrease Java thread stack sizes (-Xss)
#   Set larger code cache with -XX:ReservedCodeCacheSize=
#   JVM is running with Zero Based Compressed Oops mode in which the Java heap is
#     placed in the first 32GB address space. The Java Heap base address is the
#     maximum limit for the native heap growth. Please use -XX:HeapBaseMinAddress
#     to set the Java Heap base and to place the Java Heap above 32GB virtual address.
# This output file may be truncated or incomplete.
#
#  Out of Memory Error (arena.cpp:150), pid=2208, tid=11336
#
# JRE version: Java(TM) SE Runtime Environment (22.0.2+9) (build 22.0.2+9-70)
# Java VM: Java HotSpot(TM) 64-Bit Server VM (22.0.2+9-70, mixed mode, sharing, tiered, compressed oops, compressed class ptrs, g1 gc, windows-amd64)
# No core dump will be written. Minidumps are not enabled by default on client versions of Windows
#

---------------  S U M M A R Y ------------

Command Line: -Dfile.encoding=UTF-8 --module-path=C:\Users\royal\Documents\NetBeansProjects\Hotel Management System\build\classes hotel.management.system.AddCustomer

Host: Intel(R) Core(TM) i7-8565U CPU @ 1.80GHz, 8 cores, 15G,  Windows 11 , 64 bit Build 22621 (10.0.22621.3958)
Time: Sun Sep  1 19:03:36 2024 India Standard Time elapsed time: 1.337681 seconds (0d 0h 0m 1s)

---------------  T H R E A D  ---------------

Current thread (0x000002684113c370):  JavaThread "C2 CompilerThread1" daemon [_thread_in_native, id=11336, stack(0x0000009270e00000,0x0000009270f00000) (1024K)]


Current CompileTask:
C2:1337 1871   !   4       sun.font.TrueTypeFont::getTableBuffer (208 bytes)

Stack: [0x0000009270e00000,0x0000009270f00000]
Native frames: (J=compiled Java code, j=interpreted, Vv=VM code, C=native code)
V  [jvm.dll+0x6e26e9]  (no source info available)
V  [jvm.dll+0x875753]  (no source info available)
V  [jvm.dll+0x877b7e]  (no source info available)
V  [jvm.dll+0x878253]  (no source info available)
V  [jvm.dll+0x27fc86]  (no source info available)
V  [jvm.dll+0xc3d0f]  (no source info available)
V  [jvm.dll+0xc3f6b]  (no source info available)
V  [jvm.dll+0x3bb47c]  (no source info available)
V  [jvm.dll+0x1df4ac]  (no source info available)
V  [jvm.dll+0x24793c]  (no source info available)
V  [jvm.dll+0x246e9f]  (no source info available)
V  [jvm.dll+0x1c4e80]  (no source info available)
V  [jvm.dll+0x2568f3]  (no source info available)
V  [jvm.dll+0x254baa]  (no source info available)
V  [jvm.dll+0x3f57a6]  (no source info available)
V  [jvm.dll+0x81dc0b]  (no source info available)
V  [jvm.dll+0x6e0d85]  (no source info available)
C  [ucrtbase.dll+0x29333]  (no source info available)
C  [KERNEL32.DLL+0x1257d]  (no source info available)
C  [ntdll.dll+0x5af28]  (no source info available)


---------------  P R O C E S S  ---------------

Threads class SMR info:
_java_thread_list=0x0000026869860940, length=18, elements={
0x0000026864117af0, 0x000002686411d770, 0x000002686411e500, 0x0000026864125620,
0x0000026864123ad0, 0x0000026864124530, 0x0000026841139660, 0x000002684113b5d0,
0x00000268412aa310, 0x000002684113c370, 0x000002684138ef70, 0x00000268414d1990,
0x00000268414d52e0, 0x00000268414d8e50, 0x000002684150e810, 0x0000026841596d70,
0x000002684113d110, 0x000002684347dfb0
}

Java Threads: ( => current thread )
  0x0000026864117af0 JavaThread "Reference Handler"          daemon [_thread_blocked, id=35180, stack(0x0000009270500000,0x0000009270600000) (1024K)]
  0x000002686411d770 JavaThread "Finalizer"                  daemon [_thread_blocked, id=34584, stack(0x0000009270600000,0x0000009270700000) (1024K)]
  0x000002686411e500 JavaThread "Signal Dispatcher"          daemon [_thread_blocked, id=20796, stack(0x0000009270700000,0x0000009270800000) (1024K)]
  0x0000026864125620 JavaThread "Attach Listener"            daemon [_thread_blocked, id=17572, stack(0x0000009270800000,0x0000009270900000) (1024K)]
  0x0000026864123ad0 JavaThread "Service Thread"             daemon [_thread_blocked, id=22368, stack(0x0000009270900000,0x0000009270a00000) (1024K)]
  0x0000026864124530 JavaThread "Monitor Deflation Thread"   daemon [_thread_blocked, id=23460, stack(0x0000009270a00000,0x0000009270b00000) (1024K)]
  0x0000026841139660 JavaThread "C2 CompilerThread0"         daemon [_thread_blocked, id=29656, stack(0x0000009270b00000,0x0000009270c00000) (1024K)]
  0x000002684113b5d0 JavaThread "C1 CompilerThread0"         daemon [_thread_blocked, id=35852, stack(0x0000009270c00000,0x0000009270d00000) (1024K)]
  0x00000268412aa310 JavaThread "Common-Cleaner"             daemon [_thread_blocked, id=34636, stack(0x0000009270d00000,0x0000009270e00000) (1024K)]
=>0x000002684113c370 JavaThread "C2 CompilerThread1"         daemon [_thread_in_native, id=11336, stack(0x0000009270e00000,0x0000009270f00000) (1024K)]
  0x000002684138ef70 JavaThread "Notification Thread"        daemon [_thread_blocked, id=30424, stack(0x0000009270f00000,0x0000009271000000) (1024K)]
  0x00000268414d1990 JavaThread "Java2D Disposer"            daemon [_thread_blocked, id=6496, stack(0x0000009271000000,0x0000009271100000) (1024K)]
  0x00000268414d52e0 JavaThread "AWT-Shutdown"                      [_thread_blocked, id=34756, stack(0x0000009271100000,0x0000009271200000) (1024K)]
  0x00000268414d8e50 JavaThread "AWT-Windows"                daemon [_thread_in_native, id=30148, stack(0x0000009271200000,0x0000009271300000) (1024K)]
  0x000002684150e810 JavaThread "AWT-EventQueue-0"                  [_thread_blocked, id=13704, stack(0x0000009271300000,0x0000009271400000) (1024K)]
  0x0000026841596d70 JavaThread "mysql-cj-abandoned-connection-cleanup" daemon [_thread_blocked, id=14812, stack(0x0000009271400000,0x0000009271500000) (1024K)]
  0x000002684113d110 JavaThread "C2 CompilerThread2"         daemon [_thread_blocked, id=21928, stack(0x0000009271500000,0x0000009271600000) (1024K)]
  0x000002684347dfb0 JavaThread "DestroyJavaVM"                     [_thread_blocked, id=37784, stack(0x000000926fd00000,0x000000926fe00000) (1024K)]
Total: 18

Other Threads:
  0x00000268640fea50 VMThread "VM Thread"                           [id=17768, stack(0x0000009270400000,0x0000009270500000) (1024K)]
  0x00000268640e60d0 WatcherThread "VM Periodic Task Thread"        [id=4312, stack(0x0000009270300000,0x0000009270400000) (1024K)]
  0x0000026845760900 WorkerThread "GC Thread#0"                     [id=13476, stack(0x000000926fe00000,0x000000926ff00000) (1024K)]
  0x000002686965e3c0 WorkerThread "GC Thread#1"                     [id=36804, stack(0x0000009271900000,0x0000009271a00000) (1024K)]
  0x000002686965e770 WorkerThread "GC Thread#2"                     [id=26272, stack(0x0000009271a00000,0x0000009271b00000) (1024K)]
  0x000002686965eb20 WorkerThread "GC Thread#3"                     [id=9356, stack(0x0000009271b00000,0x0000009271c00000) (1024K)]
  0x000002686965eed0 WorkerThread "GC Thread#4"                     [id=7996, stack(0x0000009271c00000,0x0000009271d00000) (1024K)]
  0x000002686965feb0 WorkerThread "GC Thread#5"                     [id=27292, stack(0x0000009271d00000,0x0000009271e00000) (1024K)]
  0x00000268697edd20 WorkerThread "GC Thread#6"                     [id=35884, stack(0x0000009271e00000,0x0000009271f00000) (1024K)]
  0x0000026841cb8660 WorkerThread "GC Thread#7"                     [id=35844, stack(0x0000009271f00000,0x0000009272000000) (1024K)]
  0x0000026845772710 ConcurrentGCThread "G1 Main Marker"            [id=27772, stack(0x000000926ff00000,0x0000009270000000) (1024K)]
  0x00000268457733d0 WorkerThread "G1 Conc#0"                       [id=28932, stack(0x0000009270000000,0x0000009270100000) (1024K)]
  0x0000026863fa8140 ConcurrentGCThread "G1 Refine#0"               [id=37244, stack(0x0000009270100000,0x0000009270200000) (1024K)]
  0x0000026863faacd0 ConcurrentGCThread "G1 Service"                [id=19408, stack(0x0000009270200000,0x0000009270300000) (1024K)]
Total: 14

Threads with active compile tasks:
C2 CompilerThread1  1391 1871   !   4       sun.font.TrueTypeFont::getTableBuffer (208 bytes)
Total: 1

VM state: not at safepoint (normal execution)

VM Mutex/Monitor currently owned by a thread: None

Heap address: 0x0000000701e00000, size: 4066 MB, Compressed Oops mode: Zero based, Oop shift amount: 3

CDS archive(s) mapped at: [0x0000026800000000-0x0000026800c60000-0x0000026800c60000), size 12976128, SharedBaseAddress: 0x0000026800000000, ArchiveRelocationMode: 1.
Compressed class space mapped at: 0x0000026801000000-0x0000026841000000, reserved size: 1073741824
Narrow klass base: 0x0000026800000000, Narrow klass shift: 0, Narrow klass range: 0x41000000

GC Precious Log:
 CardTable entry size: 512
 Card Set container configuration: InlinePtr #cards 4 size 8 Array Of Cards #cards 16 size 48 Howl #buckets 8 coarsen threshold 3686 Howl Bitmap #cards 512 size 80 coarsen threshold 460 Card regions per heap region 1 cards per card region 4096
 CPUs: 8 total, 8 available
 Memory: 16259M
 Large Page Support: Disabled
 NUMA Support: Disabled
 Compressed Oops: Enabled (Zero based)
 Heap Region Size: 2M
 Heap Min Capacity: 8M
 Heap Initial Capacity: 256M
 Heap Max Capacity: 4066M
 Pre-touch: Disabled
 Parallel Workers: 8
 Concurrent Workers: 2
 Concurrent Refinement Workers: 8
 Periodic GC: Disabled

Heap:
 garbage-first heap   total reserved 4163584K, committed 262144K, used 13784K [0x0000000701e00000, 0x0000000800000000)
  region size 2048K, 6 young (12288K), 2 survivors (4096K)
 Metaspace       used 17562K, committed 17792K, reserved 1114112K
  class space    used 2036K, committed 2112K, reserved 1048576K

Heap Regions: E=young(eden), S=young(survivor), O=old, HS=humongous(starts), HC=humongous(continues), CS=collection set, F=free, TAMS=top-at-mark-start, PB=parsable bottom
|   0|0x0000000701e00000, 0x0000000702000000, 0x0000000702000000|100%|HS|  |TAMS 0x0000000701e00000| PB 0x0000000701e00000| Complete |  0
|   1|0x0000000702000000, 0x00000007021762f0, 0x0000000702200000| 73%| O|  |TAMS 0x0000000702000000| PB 0x0000000702000000| Untracked |  0
|   2|0x0000000702200000, 0x0000000702200000, 0x0000000702400000|  0%| F|  |TAMS 0x0000000702200000| PB 0x0000000702200000| Untracked |  0
|   3|0x0000000702400000, 0x0000000702400000, 0x0000000702600000|  0%| F|  |TAMS 0x0000000702400000| PB 0x0000000702400000| Untracked |  0
|   4|0x0000000702600000, 0x0000000702600000, 0x0000000702800000|  0%| F|  |TAMS 0x0000000702600000| PB 0x0000000702600000| Untracked |  0
|   5|0x0000000702800000, 0x0000000702800000, 0x0000000702a00000|  0%| F|  |TAMS 0x0000000702800000| PB 0x0000000702800000| Untracked |  0
|   6|0x0000000702a00000, 0x0000000702a00000, 0x0000000702c00000|  0%| F|  |TAMS 0x0000000702a00000| PB 0x0000000702a00000| Untracked |  0
|   7|0x0000000702c00000, 0x0000000702c00000, 0x0000000702e00000|  0%| F|  |TAMS 0x0000000702c00000| PB 0x0000000702c00000| Untracked |  0
|   8|0x0000000702e00000, 0x0000000702e00000, 0x0000000703000000|  0%| F|  |TAMS 0x0000000702e00000| PB 0x0000000702e00000| Untracked |  0
|   9|0x0000000703000000, 0x0000000703000000, 0x0000000703200000|  0%| F|  |TAMS 0x0000000703000000| PB 0x0000000703000000| Untracked |  0
|  10|0x0000000703200000, 0x0000000703200000, 0x0000000703400000|  0%| F|  |TAMS 0x0000000703200000| PB 0x0000000703200000| Untracked |  0
|  11|0x0000000703400000, 0x0000000703400000, 0x0000000703600000|  0%| F|  |TAMS 0x0000000703400000| PB 0x0000000703400000| Untracked |  0
|  12|0x0000000703600000, 0x0000000703600000, 0x0000000703800000|  0%| F|  |TAMS 0x0000000703600000| PB 0x0000000703600000| Untracked |  0
|  13|0x0000000703800000, 0x0000000703800000, 0x0000000703a00000|  0%| F|  |TAMS 0x0000000703800000| PB 0x0000000703800000| Untracked |  0
|  14|0x0000000703a00000, 0x0000000703a00000, 0x0000000703c00000|  0%| F|  |TAMS 0x0000000703a00000| PB 0x0000000703a00000| Untracked |  0
|  15|0x0000000703c00000, 0x0000000703c00000, 0x0000000703e00000|  0%| F|  |TAMS 0x0000000703c00000| PB 0x0000000703c00000| Untracked |  0
|  16|0x0000000703e00000, 0x0000000703e00000, 0x0000000704000000|  0%| F|  |TAMS 0x0000000703e00000| PB 0x0000000703e00000| Untracked |  0
|  17|0x0000000704000000, 0x0000000704000000, 0x0000000704200000|  0%| F|  |TAMS 0x0000000704000000| PB 0x0000000704000000| Untracked |  0
|  18|0x0000000704200000, 0x0000000704200000, 0x0000000704400000|  0%| F|  |TAMS 0x0000000704200000| PB 0x0000000704200000| Untracked |  0
|  19|0x0000000704400000, 0x0000000704400000, 0x0000000704600000|  0%| F|  |TAMS 0x0000000704400000| PB 0x0000000704400000| Untracked |  0
|  20|0x0000000704600000, 0x0000000704600000, 0x0000000704800000|  0%| F|  |TAMS 0x0000000704600000| PB 0x0000000704600000| Untracked |  0
|  21|0x0000000704800000, 0x0000000704800000, 0x0000000704a00000|  0%| F|  |TAMS 0x0000000704800000| PB 0x0000000704800000| Untracked |  0
|  22|0x0000000704a00000, 0x0000000704a00000, 0x0000000704c00000|  0%| F|  |TAMS 0x0000000704a00000| PB 0x0000000704a00000| Untracked |  0
|  23|0x0000000704c00000, 0x0000000704c00000, 0x0000000704e00000|  0%| F|  |TAMS 0x0000000704c00000| PB 0x0000000704c00000| Untracked |  0
|  24|0x0000000704e00000, 0x0000000704e00000, 0x0000000705000000|  0%| F|  |TAMS 0x0000000704e00000| PB 0x0000000704e00000| Untracked |  0
|  25|0x0000000705000000, 0x0000000705000000, 0x0000000705200000|  0%| F|  |TAMS 0x0000000705000000| PB 0x0000000705000000| Untracked |  0
|  26|0x0000000705200000, 0x0000000705200000, 0x0000000705400000|  0%| F|  |TAMS 0x0000000705200000| PB 0x0000000705200000| Untracked |  0
|  27|0x0000000705400000, 0x0000000705400000, 0x0000000705600000|  0%| F|  |TAMS 0x0000000705400000| PB 0x0000000705400000| Untracked |  0
|  28|0x0000000705600000, 0x0000000705600000, 0x0000000705800000|  0%| F|  |TAMS 0x0000000705600000| PB 0x0000000705600000| Untracked |  0
|  29|0x0000000705800000, 0x0000000705800000, 0x0000000705a00000|  0%| F|  |TAMS 0x0000000705800000| PB 0x0000000705800000| Untracked |  0
|  30|0x0000000705a00000, 0x0000000705a00000, 0x0000000705c00000|  0%| F|  |TAMS 0x0000000705a00000| PB 0x0000000705a00000| Untracked |  0
|  31|0x0000000705c00000, 0x0000000705c00000, 0x0000000705e00000|  0%| F|  |TAMS 0x0000000705c00000| PB 0x0000000705c00000| Untracked |  0
|  32|0x0000000705e00000, 0x0000000705e00000, 0x0000000706000000|  0%| F|  |TAMS 0x0000000705e00000| PB 0x0000000705e00000| Untracked |  0
|  33|0x0000000706000000, 0x0000000706000000, 0x0000000706200000|  0%| F|  |TAMS 0x0000000706000000| PB 0x0000000706000000| Untracked |  0
|  34|0x0000000706200000, 0x0000000706200000, 0x0000000706400000|  0%| F|  |TAMS 0x0000000706200000| PB 0x0000000706200000| Untracked |  0
|  35|0x0000000706400000, 0x0000000706400000, 0x0000000706600000|  0%| F|  |TAMS 0x0000000706400000| PB 0x0000000706400000| Untracked |  0
|  36|0x0000000706600000, 0x0000000706600000, 0x0000000706800000|  0%| F|  |TAMS 0x0000000706600000| PB 0x0000000706600000| Untracked |  0
|  37|0x0000000706800000, 0x0000000706800000, 0x0000000706a00000|  0%| F|  |TAMS 0x0000000706800000| PB 0x0000000706800000| Untracked |  0
|  38|0x0000000706a00000, 0x0000000706a00000, 0x0000000706c00000|  0%| F|  |TAMS 0x0000000706a00000| PB 0x0000000706a00000| Untracked |  0
|  39|0x0000000706c00000, 0x0000000706c00000, 0x0000000706e00000|  0%| F|  |TAMS 0x0000000706c00000| PB 0x0000000706c00000| Untracked |  0
|  40|0x0000000706e00000, 0x0000000706e00000, 0x0000000707000000|  0%| F|  |TAMS 0x0000000706e00000| PB 0x0000000706e00000| Untracked |  0
|  41|0x0000000707000000, 0x0000000707000000, 0x0000000707200000|  0%| F|  |TAMS 0x0000000707000000| PB 0x0000000707000000| Untracked |  0
|  42|0x0000000707200000, 0x0000000707200000, 0x0000000707400000|  0%| F|  |TAMS 0x0000000707200000| PB 0x0000000707200000| Untracked |  0
|  43|0x0000000707400000, 0x0000000707400000, 0x0000000707600000|  0%| F|  |TAMS 0x0000000707400000| PB 0x0000000707400000| Untracked |  0
|  44|0x0000000707600000, 0x0000000707600000, 0x0000000707800000|  0%| F|  |TAMS 0x0000000707600000| PB 0x0000000707600000| Untracked |  0
|  45|0x0000000707800000, 0x0000000707800000, 0x0000000707a00000|  0%| F|  |TAMS 0x0000000707800000| PB 0x0000000707800000| Untracked |  0
|  46|0x0000000707a00000, 0x0000000707a00000, 0x0000000707c00000|  0%| F|  |TAMS 0x0000000707a00000| PB 0x0000000707a00000| Untracked |  0
|  47|0x0000000707c00000, 0x0000000707c00000, 0x0000000707e00000|  0%| F|  |TAMS 0x0000000707c00000| PB 0x0000000707c00000| Untracked |  0
|  48|0x0000000707e00000, 0x0000000707e00000, 0x0000000708000000|  0%| F|  |TAMS 0x0000000707e00000| PB 0x0000000707e00000| Untracked |  0
|  49|0x0000000708000000, 0x0000000708000000, 0x0000000708200000|  0%| F|  |TAMS 0x0000000708000000| PB 0x0000000708000000| Untracked |  0
|  50|0x0000000708200000, 0x0000000708200000, 0x0000000708400000|  0%| F|  |TAMS 0x0000000708200000| PB 0x0000000708200000| Untracked |  0
|  51|0x0000000708400000, 0x0000000708400000, 0x0000000708600000|  0%| F|  |TAMS 0x0000000708400000| PB 0x0000000708400000| Untracked |  0
|  52|0x0000000708600000, 0x0000000708600000, 0x0000000708800000|  0%| F|  |TAMS 0x0000000708600000| PB 0x0000000708600000| Untracked |  0
|  53|0x0000000708800000, 0x0000000708800000, 0x0000000708a00000|  0%| F|  |TAMS 0x0000000708800000| PB 0x0000000708800000| Untracked |  0
|  54|0x0000000708a00000, 0x0000000708a00000, 0x0000000708c00000|  0%| F|  |TAMS 0x0000000708a00000| PB 0x0000000708a00000| Untracked |  0
|  55|0x0000000708c00000, 0x0000000708c00000, 0x0000000708e00000|  0%| F|  |TAMS 0x0000000708c00000| PB 0x0000000708c00000| Untracked |  0
|  56|0x0000000708e00000, 0x0000000708e00000, 0x0000000709000000|  0%| F|  |TAMS 0x0000000708e00000| PB 0x0000000708e00000| Untracked |  0
|  57|0x0000000709000000, 0x0000000709000000, 0x0000000709200000|  0%| F|  |TAMS 0x0000000709000000| PB 0x0000000709000000| Untracked |  0
|  58|0x0000000709200000, 0x0000000709200000, 0x0000000709400000|  0%| F|  |TAMS 0x0000000709200000| PB 0x0000000709200000| Untracked |  0
|  59|0x0000000709400000, 0x0000000709400000, 0x0000000709600000|  0%| F|  |TAMS 0x0000000709400000| PB 0x0000000709400000| Untracked |  0
|  60|0x0000000709600000, 0x0000000709600000, 0x0000000709800000|  0%| F|  |TAMS 0x0000000709600000| PB 0x0000000709600000| Untracked |  0
|  61|0x0000000709800000, 0x0000000709800000, 0x0000000709a00000|  0%| F|  |TAMS 0x0000000709800000| PB 0x0000000709800000| Untracked |  0
|  62|0x0000000709a00000, 0x0000000709a00000, 0x0000000709c00000|  0%| F|  |TAMS 0x0000000709a00000| PB 0x0000000709a00000| Untracked |  0
|  63|0x0000000709c00000, 0x0000000709c00000, 0x0000000709e00000|  0%| F|  |TAMS 0x0000000709c00000| PB 0x0000000709c00000| Untracked |  0
|  64|0x0000000709e00000, 0x0000000709e00000, 0x000000070a000000|  0%| F|  |TAMS 0x0000000709e00000| PB 0x0000000709e00000| Untracked |  0
|  65|0x000000070a000000, 0x000000070a000000, 0x000000070a200000|  0%| F|  |TAMS 0x000000070a000000| PB 0x000000070a000000| Untracked |  0
|  66|0x000000070a200000, 0x000000070a200000, 0x000000070a400000|  0%| F|  |TAMS 0x000000070a200000| PB 0x000000070a200000| Untracked |  0
|  67|0x000000070a400000, 0x000000070a400000, 0x000000070a600000|  0%| F|  |TAMS 0x000000070a400000| PB 0x000000070a400000| Untracked |  0
|  68|0x000000070a600000, 0x000000070a600000, 0x000000070a800000|  0%| F|  |TAMS 0x000000070a600000| PB 0x000000070a600000| Untracked |  0
|  69|0x000000070a800000, 0x000000070a800000, 0x000000070aa00000|  0%| F|  |TAMS 0x000000070a800000| PB 0x000000070a800000| Untracked |  0
|  70|0x000000070aa00000, 0x000000070aa00000, 0x000000070ac00000|  0%| F|  |TAMS 0x000000070aa00000| PB 0x000000070aa00000| Untracked |  0
|  71|0x000000070ac00000, 0x000000070ac00000, 0x000000070ae00000|  0%| F|  |TAMS 0x000000070ac00000| PB 0x000000070ac00000| Untracked |  0
|  72|0x000000070ae00000, 0x000000070ae00000, 0x000000070b000000|  0%| F|  |TAMS 0x000000070ae00000| PB 0x000000070ae00000| Untracked |  0
|  73|0x000000070b000000, 0x000000070b000000, 0x000000070b200000|  0%| F|  |TAMS 0x000000070b000000| PB 0x000000070b000000| Untracked |  0
|  74|0x000000070b200000, 0x000000070b200000, 0x000000070b400000|  0%| F|  |TAMS 0x000000070b200000| PB 0x000000070b200000| Untracked |  0
|  75|0x000000070b400000, 0x000000070b400000, 0x000000070b600000|  0%| F|  |TAMS 0x000000070b400000| PB 0x000000070b400000| Untracked |  0
|  76|0x000000070b600000, 0x000000070b600000, 0x000000070b800000|  0%| F|  |TAMS 0x000000070b600000| PB 0x000000070b600000| Untracked |  0
|  77|0x000000070b800000, 0x000000070b800000, 0x000000070ba00000|  0%| F|  |TAMS 0x000000070b800000| PB 0x000000070b800000| Untracked |  0
|  78|0x000000070ba00000, 0x000000070ba00000, 0x000000070bc00000|  0%| F|  |TAMS 0x000000070ba00000| PB 0x000000070ba00000| Untracked |  0
|  79|0x000000070bc00000, 0x000000070bc00000, 0x000000070be00000|  0%| F|  |TAMS 0x000000070bc00000| PB 0x000000070bc00000| Untracked |  0
|  80|0x000000070be00000, 0x000000070be00000, 0x000000070c000000|  0%| F|  |TAMS 0x000000070be00000| PB 0x000000070be00000| Untracked |  0
|  81|0x000000070c000000, 0x000000070c000000, 0x000000070c200000|  0%| F|  |TAMS 0x000000070c000000| PB 0x000000070c000000| Untracked |  0
|  82|0x000000070c200000, 0x000000070c200000, 0x000000070c400000|  0%| F|  |TAMS 0x000000070c200000| PB 0x000000070c200000| Untracked |  0
|  83|0x000000070c400000, 0x000000070c400000, 0x000000070c600000|  0%| F|  |TAMS 0x000000070c400000| PB 0x000000070c400000| Untracked |  0
|  84|0x000000070c600000, 0x000000070c600000, 0x000000070c800000|  0%| F|  |TAMS 0x000000070c600000| PB 0x000000070c600000| Untracked |  0
|  85|0x000000070c800000, 0x000000070c800000, 0x000000070ca00000|  0%| F|  |TAMS 0x000000070c800000| PB 0x000000070c800000| Untracked |  0
|  86|0x000000070ca00000, 0x000000070ca00000, 0x000000070cc00000|  0%| F|  |TAMS 0x000000070ca00000| PB 0x000000070ca00000| Untracked |  0
|  87|0x000000070cc00000, 0x000000070cc00000, 0x000000070ce00000|  0%| F|  |TAMS 0x000000070cc00000| PB 0x000000070cc00000| Untracked |  0
|  88|0x000000070ce00000, 0x000000070ce00000, 0x000000070d000000|  0%| F|  |TAMS 0x000000070ce00000| PB 0x000000070ce00000| Untracked |  0
|  89|0x000000070d000000, 0x000000070d000000, 0x000000070d200000|  0%| F|  |TAMS 0x000000070d000000| PB 0x000000070d000000| Untracked |  0
|  90|0x000000070d200000, 0x000000070d200000, 0x000000070d400000|  0%| F|  |TAMS 0x000000070d200000| PB 0x000000070d200000| Untracked |  0
|  91|0x000000070d400000, 0x000000070d400000, 0x000000070d600000|  0%| F|  |TAMS 0x000000070d400000| PB 0x000000070d400000| Untracked |  0
|  92|0x000000070d600000, 0x000000070d600000, 0x000000070d800000|  0%| F|  |TAMS 0x000000070d600000| PB 0x000000070d600000| Untracked |  0
|  93|0x000000070d800000, 0x000000070d800000, 0x000000070da00000|  0%| F|  |TAMS 0x000000070d800000| PB 0x000000070d800000| Untracked |  0
|  94|0x000000070da00000, 0x000000070da00000, 0x000000070dc00000|  0%| F|  |TAMS 0x000000070da00000| PB 0x000000070da00000| Untracked |  0
|  95|0x000000070dc00000, 0x000000070dc00000, 0x000000070de00000|  0%| F|  |TAMS 0x000000070dc00000| PB 0x000000070dc00000| Untracked |  0
|  96|0x000000070de00000, 0x000000070de00000, 0x000000070e000000|  0%| F|  |TAMS 0x000000070de00000| PB 0x000000070de00000| Untracked |  0
|  97|0x000000070e000000, 0x000000070e000000, 0x000000070e200000|  0%| F|  |TAMS 0x000000070e000000| PB 0x000000070e000000| Untracked |  0
|  98|0x000000070e200000, 0x000000070e200000, 0x000000070e400000|  0%| F|  |TAMS 0x000000070e200000| PB 0x000000070e200000| Untracked |  0
|  99|0x000000070e400000, 0x000000070e400000, 0x000000070e600000|  0%| F|  |TAMS 0x000000070e400000| PB 0x000000070e400000| Untracked |  0
| 100|0x000000070e600000, 0x000000070e600000, 0x000000070e800000|  0%| F|  |TAMS 0x000000070e600000| PB 0x000000070e600000| Untracked |  0
| 101|0x000000070e800000, 0x000000070e800000, 0x000000070ea00000|  0%| F|  |TAMS 0x000000070e800000| PB 0x000000070e800000| Untracked |  0
| 102|0x000000070ea00000, 0x000000070ea00000, 0x000000070ec00000|  0%| F|  |TAMS 0x000000070ea00000| PB 0x000000070ea00000| Untracked |  0
| 103|0x000000070ec00000, 0x000000070ec00000, 0x000000070ee00000|  0%| F|  |TAMS 0x000000070ec00000| PB 0x000000070ec00000| Untracked |  0
| 104|0x000000070ee00000, 0x000000070ee00000, 0x000000070f000000|  0%| F|  |TAMS 0x000000070ee00000| PB 0x000000070ee00000| Untracked |  0
| 105|0x000000070f000000, 0x000000070f000000, 0x000000070f200000|  0%| F|  |TAMS 0x000000070f000000| PB 0x000000070f000000| Untracked |  0
| 106|0x000000070f200000, 0x000000070f200000, 0x000000070f400000|  0%| F|  |TAMS 0x000000070f200000| PB 0x000000070f200000| Untracked |  0
| 107|0x000000070f400000, 0x000000070f400000, 0x000000070f600000|  0%| F|  |TAMS 0x000000070f400000| PB 0x000000070f400000| Untracked |  0
| 108|0x000000070f600000, 0x000000070f600000, 0x000000070f800000|  0%| F|  |TAMS 0x000000070f600000| PB 0x000000070f600000| Untracked |  0
| 109|0x000000070f800000, 0x000000070f800000, 0x000000070fa00000|  0%| F|  |TAMS 0x000000070f800000| PB 0x000000070f800000| Untracked |  0
| 110|0x000000070fa00000, 0x000000070fa00000, 0x000000070fc00000|  0%| F|  |TAMS 0x000000070fa00000| PB 0x000000070fa00000| Untracked |  0
| 111|0x000000070fc00000, 0x000000070fc00000, 0x000000070fe00000|  0%| F|  |TAMS 0x000000070fc00000| PB 0x000000070fc00000| Untracked |  0
| 112|0x000000070fe00000, 0x000000070fe00000, 0x0000000710000000|  0%| F|  |TAMS 0x000000070fe00000| PB 0x000000070fe00000| Untracked |  0
| 113|0x0000000710000000, 0x0000000710000000, 0x0000000710200000|  0%| F|  |TAMS 0x0000000710000000| PB 0x0000000710000000| Untracked |  0
| 114|0x0000000710200000, 0x0000000710400000, 0x0000000710400000|100%| S|CS|TAMS 0x0000000710200000| PB 0x0000000710200000| Complete |  0
| 115|0x0000000710400000, 0x0000000710600000, 0x0000000710600000|100%| S|CS|TAMS 0x0000000710400000| PB 0x0000000710400000| Complete |  0
| 116|0x0000000710600000, 0x0000000710600000, 0x0000000710800000|  0%| F|  |TAMS 0x0000000710600000| PB 0x0000000710600000| Untracked |  0
| 117|0x0000000710800000, 0x0000000710800000, 0x0000000710a00000|  0%| F|  |TAMS 0x0000000710800000| PB 0x0000000710800000| Untracked |  0
| 118|0x0000000710a00000, 0x0000000710a00000, 0x0000000710c00000|  0%| F|  |TAMS 0x0000000710a00000| PB 0x0000000710a00000| Untracked |  0
| 119|0x0000000710c00000, 0x0000000710c00000, 0x0000000710e00000|  0%| F|  |TAMS 0x0000000710c00000| PB 0x0000000710c00000| Untracked |  0
| 120|0x0000000710e00000, 0x0000000710e00000, 0x0000000711000000|  0%| F|  |TAMS 0x0000000710e00000| PB 0x0000000710e00000| Untracked |  0
| 121|0x0000000711000000, 0x0000000711000000, 0x0000000711200000|  0%| F|  |TAMS 0x0000000711000000| PB 0x0000000711000000| Untracked |  0
| 122|0x0000000711200000, 0x0000000711200000, 0x0000000711400000|  0%| F|  |TAMS 0x0000000711200000| PB 0x0000000711200000| Untracked |  0
| 123|0x0000000711400000, 0x0000000711400000, 0x0000000711600000|  0%| F|  |TAMS 0x0000000711400000| PB 0x0000000711400000| Untracked |  0
| 124|0x0000000711600000, 0x0000000711679360, 0x0000000711800000| 23%| E|  |TAMS 0x0000000711600000| PB 0x0000000711600000| Complete |  0
| 125|0x0000000711800000, 0x0000000711a00000, 0x0000000711a00000|100%| E|CS|TAMS 0x0000000711800000| PB 0x0000000711800000| Complete |  0
| 126|0x0000000711a00000, 0x0000000711c00000, 0x0000000711c00000|100%| E|CS|TAMS 0x0000000711a00000| PB 0x0000000711a00000| Complete |  0
| 127|0x0000000711c00000, 0x0000000711e00000, 0x0000000711e00000|100%| E|CS|TAMS 0x0000000711c00000| PB 0x0000000711c00000| Complete |  0

Card table byte_map: [0x000002685d580000,0x000002685dd80000] _byte_map_base: 0x0000026859d71000

Marking Bits: (CMBitMap*) 0x0000026845761010
 Bits: [0x000002685dd80000, 0x0000026861d08000)

Polling page: 0x0000026843630000

Metaspace:

Usage:
  Non-class:     15.16 MB used.
      Class:      1.99 MB used.
       Both:     17.15 MB used.

Virtual space:
  Non-class space:       64.00 MB reserved,      15.31 MB ( 24%) committed,  1 nodes.
      Class space:        1.00 GB reserved,       2.06 MB ( <1%) committed,  1 nodes.
             Both:        1.06 GB reserved,      17.38 MB (  2%) committed. 

Chunk freelists:
   Non-Class:  505.00 KB
       Class:  13.75 MB
        Both:  14.24 MB

MaxMetaspaceSize: unlimited
CompressedClassSpaceSize: 1.00 GB
Initial GC threshold: 21.00 MB
Current GC threshold: 21.00 MB
CDS: on
 - commit_granule_bytes: 65536.
 - commit_granule_words: 8192.
 - virtual_space_node_default_size: 8388608.
 - enlarge_chunks_in_place: 1.
 - use_allocation_guard: 0.


Internal statistics:

num_allocs_failed_limit: 0.
num_arena_births: 182.
num_arena_deaths: 0.
num_vsnodes_births: 2.
num_vsnodes_deaths: 0.
num_space_committed: 278.
num_space_uncommitted: 0.
num_chunks_returned_to_freelist: 0.
num_chunks_taken_from_freelist: 361.
num_chunk_merges: 0.
num_chunk_splits: 221.
num_chunks_enlarged: 121.
num_inconsistent_stats: 0.

CodeHeap 'non-profiled nmethods': size=120000Kb used=685Kb max_used=685Kb free=119314Kb
 bounds [0x0000026855520000, 0x0000026855790000, 0x000002685ca50000]
CodeHeap 'profiled nmethods': size=120000Kb used=3210Kb max_used=3210Kb free=116789Kb
 bounds [0x000002684da50000, 0x000002684dd80000, 0x0000026854f80000]
CodeHeap 'non-nmethods': size=5760Kb used=1704Kb max_used=1705Kb free=4055Kb
 bounds [0x0000026854f80000, 0x00000268551f0000, 0x0000026855520000]
 total_blobs=2647 nmethods=1909 adapters=643
 compilation: enabled
              stopped_count=0, restarted_count=0
 full_count=0

Compilation events (20 events):
Event: 1.320 Thread 0x000002684113b5d0 1893       1       java.awt.Component::getWidth (5 bytes)
Event: 1.320 Thread 0x000002684113b5d0 nmethod 1893 0x00000268555cae10 code [0x00000268555cafa0, 0x00000268555cb068]
Event: 1.320 Thread 0x000002684113b5d0 1894       1       java.awt.Component::getHeight (5 bytes)
Event: 1.320 Thread 0x000002684113b5d0 nmethod 1894 0x00000268555cb110 code [0x00000268555cb2a0, 0x00000268555cb368]
Event: 1.320 Thread 0x000002684113b5d0 1895       3       java.awt.Component::getFont_NoClientCode (29 bytes)
Event: 1.320 Thread 0x000002684113b5d0 nmethod 1895 0x000002684dd6d590 code [0x000002684dd6d760, 0x000002684dd6da50]
Event: 1.321 Thread 0x000002684113b5d0 1897       3       java.lang.Double::isNaN (12 bytes)
Event: 1.321 Thread 0x000002684113b5d0 nmethod 1897 0x000002684dd6db90 code [0x000002684dd6dd20, 0x000002684dd6de80]
Event: 1.321 Thread 0x000002684113b5d0 1896       3       javax.swing.RepaintManager::currentManager (37 bytes)
Event: 1.321 Thread 0x000002684113b5d0 nmethod 1896 0x000002684dd6df10 code [0x000002684dd6e0e0, 0x000002684dd6e418]
Event: 1.321 Thread 0x000002684113b5d0 1898   !   3       java.awt.Component::firePropertyChange (59 bytes)
Event: 1.322 Thread 0x000002684113b5d0 nmethod 1898 0x000002684dd6e590 code [0x000002684dd6e760, 0x000002684dd6eca0]
Event: 1.322 Thread 0x000002684113b5d0 1899   !   3       javax.swing.JComponent::getClientProperty (56 bytes)
Event: 1.322 Thread 0x000002684113b5d0 nmethod 1899 0x000002684dd6ee10 code [0x000002684dd6efe0, 0x000002684dd6f380]
Event: 1.322 Thread 0x000002684113b5d0 1900       3       java.awt.Component::getFont (5 bytes)
Event: 1.322 Thread 0x000002684113b5d0 nmethod 1900 0x000002684dd6f510 code [0x000002684dd6f6e0, 0x000002684dd6fa00]
Event: 1.325 Thread 0x000002684113b5d0 1901       3       java.awt.geom.AffineTransform::equals (26 bytes)
Event: 1.326 Thread 0x000002684113b5d0 nmethod 1901 0x000002684dd6fb10 code [0x000002684dd6fcc0, 0x000002684dd70018]
Event: 1.333 Thread 0x000002684113b5d0 1902       3       javax.swing.JComponent::setFlag (34 bytes)
Event: 1.333 Thread 0x000002684113b5d0 nmethod 1902 0x000002684dd70110 code [0x000002684dd702a0, 0x000002684dd70448]

GC Heap History (2 events):
Event: 1.226 GC heap before
{Heap before GC invocations=0 (full 0):
 garbage-first heap   total reserved 4163584K, committed 262144K, used 24576K [0x0000000701e00000, 0x0000000800000000)
  region size 2048K, 12 young (24576K), 0 survivors (0K)
 Metaspace       used 17157K, committed 17408K, reserved 1114112K
  class space    used 1994K, committed 2112K, reserved 1048576K
}
Event: 1.235 GC heap after
{Heap after GC invocations=1 (full 0):
 garbage-first heap   total reserved 4163584K, committed 262144K, used 7640K [0x0000000701e00000, 0x0000000800000000)
  region size 2048K, 2 young (4096K), 2 survivors (4096K)
 Metaspace       used 17157K, committed 17408K, reserved 1114112K
  class space    used 1994K, committed 2112K, reserved 1048576K
}

Dll operation events (11 events):
Event: 0.010 Loaded shared library C:\Program Files\Java\jdk-22\bin\java.dll
Event: 0.041 Loaded shared library C:\Program Files\Java\jdk-22\bin\jsvml.dll
Event: 0.065 Loaded shared library C:\Program Files\Java\jdk-22\bin\net.dll
Event: 0.067 Loaded shared library C:\Program Files\Java\jdk-22\bin\nio.dll
Event: 0.086 Loaded shared library C:\Program Files\Java\jdk-22\bin\zip.dll
Event: 0.101 Loaded shared library C:\Program Files\Java\jdk-22\bin\jimage.dll
Event: 0.115 Loaded shared library C:\Program Files\Java\jdk-22\bin\awt.dll
Event: 0.443 Loaded shared library C:\Program Files\Java\jdk-22\bin\extnet.dll
Event: 0.659 Loaded shared library C:\Program Files\Java\jdk-22\bin\sunmscapi.dll
Event: 0.953 Loaded shared library C:\Program Files\Java\jdk-22\bin\freetype.dll
Event: 0.954 Loaded shared library C:\Program Files\Java\jdk-22\bin\fontmanager.dll

Deoptimization events (20 events):
Event: 0.961 Thread 0x000002684347dfb0 Uncommon trap: trap_request=0xffffff45 fr.pc=0x00000268555538b4 relative=0x0000000000000214
Event: 0.961 Thread 0x000002684347dfb0 Uncommon trap: reason=unstable_if action=reinterpret pc=0x00000268555538b4 method=java.lang.StringUTF16.compress([CI[BII)I @ 20 c2
Event: 0.961 Thread 0x000002684347dfb0 DEOPT PACKING pc=0x00000268555538b4 sp=0x000000926fdfdcc0
Event: 0.961 Thread 0x000002684347dfb0 DEOPT UNPACKING pc=0x0000026854fd46a2 sp=0x000000926fdfdc30 mode 2
Event: 1.247 Thread 0x000002684150e810 Uncommon trap: trap_request=0xffffff45 fr.pc=0x000002685552a8d0 relative=0x00000000000000b0
Event: 1.247 Thread 0x000002684150e810 Uncommon trap: reason=unstable_if action=reinterpret pc=0x000002685552a8d0 method=java.lang.String.isLatin1()Z @ 10 c2
Event: 1.247 Thread 0x000002684150e810 DEOPT PACKING pc=0x000002685552a8d0 sp=0x00000092713fd070
Event: 1.247 Thread 0x000002684150e810 DEOPT UNPACKING pc=0x0000026854fd46a2 sp=0x00000092713fcfa0 mode 2
Event: 1.252 Thread 0x000002684150e810 Uncommon trap: trap_request=0xffffff45 fr.pc=0x0000026855569fd4 relative=0x0000000000000054
Event: 1.252 Thread 0x000002684150e810 Uncommon trap: reason=unstable_if action=reinterpret pc=0x0000026855569fd4 method=java.lang.CharacterData.of(I)Ljava/lang/CharacterData; @ 4 c2
Event: 1.252 Thread 0x000002684150e810 DEOPT PACKING pc=0x0000026855569fd4 sp=0x00000092713fd040
Event: 1.252 Thread 0x000002684150e810 DEOPT UNPACKING pc=0x0000026854fd46a2 sp=0x00000092713fcfd8 mode 2
Event: 1.304 Thread 0x000002684150e810 Uncommon trap: trap_request=0xffffff45 fr.pc=0x00000268555b573c relative=0x000000000000009c
Event: 1.304 Thread 0x000002684150e810 Uncommon trap: reason=unstable_if action=reinterpret pc=0x00000268555b573c method=java.lang.ref.ReferenceQueue.headIsNull()Z @ 4 c2
Event: 1.304 Thread 0x000002684150e810 DEOPT PACKING pc=0x00000268555b573c sp=0x00000092713fc770
Event: 1.304 Thread 0x000002684150e810 DEOPT UNPACKING pc=0x0000026854fd46a2 sp=0x00000092713fc630 mode 2
Event: 1.304 Thread 0x000002684150e810 Uncommon trap: trap_request=0xffffff45 fr.pc=0x00000268555825ec relative=0x000000000000006c
Event: 1.304 Thread 0x000002684150e810 Uncommon trap: reason=unstable_if action=reinterpret pc=0x00000268555825ec method=java.lang.ref.ReferenceQueue.headIsNull()Z @ 4 c2
Event: 1.304 Thread 0x000002684150e810 DEOPT PACKING pc=0x00000268555825ec sp=0x00000092713fc700
Event: 1.304 Thread 0x000002684150e810 DEOPT UNPACKING pc=0x0000026854fd46a2 sp=0x00000092713fc630 mode 2

Classes loaded (20 events):
Event: 1.324 Loading class java/awt/im/InputMethodRequests
Event: 1.324 Loading class java/awt/im/InputMethodRequests done
Event: 1.324 Loading class java/awt/im/spi/InputMethodContext done
Event: 1.324 Loading class sun/awt/im/InputContext
Event: 1.324 Loading class sun/awt/im/InputContext done
Event: 1.324 Loading class sun/awt/im/InputMethodContext done
Event: 1.325 Loading class sun/awt/windows/WInputMethod
Event: 1.325 Loading class sun/awt/im/InputMethodAdapter
Event: 1.325 Loading class java/awt/im/spi/InputMethod
Event: 1.325 Loading class java/awt/im/spi/InputMethod done
Event: 1.325 Loading class sun/awt/im/InputMethodAdapter done
Event: 1.325 Loading class sun/awt/windows/WInputMethod done
Event: 1.325 Loading class sun/java2d/pipe/ShapeSpanIterator
Event: 1.326 Loading class sun/java2d/pipe/SpanIterator
Event: 1.326 Loading class sun/java2d/pipe/SpanIterator done
Event: 1.326 Loading class sun/awt/geom/PathConsumer2D
Event: 1.326 Loading class sun/awt/geom/PathConsumer2D done
Event: 1.326 Loading class sun/java2d/pipe/ShapeSpanIterator done
Event: 1.333 Loading class java/awt/KeyboardFocusManager$3
Event: 1.333 Loading class java/awt/KeyboardFocusManager$3 done

Classes unloaded (0 events):
No events

Classes redefined (0 events):
No events

Internal exceptions (20 events):
Event: 0.105 Thread 0x000002684347dfb0 Exception <a 'java/lang/ClassNotFoundException'{0x0000000711b70678}: sun/awt/resources/spi/awtProvider> (0x0000000711b70678) 
thrown [s\open\src\hotspot\share\classfile\systemDictionary.cpp, line 313]
Event: 0.126 Thread 0x000002684347dfb0 Exception <a 'java/io/FileNotFoundException'{0x0000000711bc4530}> (0x0000000711bc4530) 
thrown [s\open\src\hotspot\share\prims\jni.cpp, line 520]
Event: 0.133 Thread 0x000002684347dfb0 Exception <a 'java/io/FileNotFoundException'{0x0000000711bf2958}> (0x0000000711bf2958) 
thrown [s\open\src\hotspot\share\prims\jni.cpp, line 520]
Event: 0.205 Thread 0x000002684347dfb0 Exception <a 'java/lang/NoSuchMethodError'{0x00000007119811e8}: 'void java.lang.invoke.DirectMethodHandle$Holder.invokeSpecial(java.lang.Object, java.lang.Object, java.lang.Object)'> (0x00000007119811e8) 
thrown [s\open\src\hotspot\share\interpreter\linkResolver.cpp, line 774]
Event: 0.212 Thread 0x000002684347dfb0 Exception <a 'java/lang/NoSuchMethodError'{0x00000007119a74b8}: 'java.lang.Object java.lang.invoke.DirectMethodHandle$Holder.newInvokeSpecial(java.lang.Object, java.lang.Object, java.lang.Object, java.lang.Object, java.lang.Object)'> (0x00000007119a74b8) 
thrown [s\open\src\hotspot\share\interpreter\linkResolver.cpp, line 774]
Event: 0.218 Thread 0x000002684347dfb0 Exception <a 'java/lang/NoSuchMethodError'{0x00000007119d3dd0}: 'java.lang.Object java.lang.invoke.DirectMethodHandle$Holder.invokeStatic(java.lang.Object, int, java.lang.Object)'> (0x00000007119d3dd0) 
thrown [s\open\src\hotspot\share\interpreter\linkResolver.cpp, line 774]
Event: 0.239 Thread 0x000002684347dfb0 Exception <a 'java/lang/ClassNotFoundException'{0x0000000711675fd8}: com/sun/swing/internal/plaf/metal/resources/spi/metalProvider> (0x0000000711675fd8) 
thrown [s\open\src\hotspot\share\classfile\systemDictionary.cpp, line 313]
Event: 0.240 Thread 0x000002684347dfb0 Exception <a 'java/lang/ClassNotFoundException'{0x0000000711679f88}: com/sun/swing/internal/plaf/basic/resources/spi/basicProvider> (0x0000000711679f88) 
thrown [s\open\src\hotspot\share\classfile\systemDictionary.cpp, line 313]
Event: 0.249 Thread 0x000002684347dfb0 Exception <a 'java/lang/NoSuchMethodError'{0x0000000711699870}: 'int java.lang.invoke.Invokers$Holder.invokeExact_MT(java.lang.Object, java.lang.Object)'> (0x0000000711699870) 
thrown [s\open\src\hotspot\share\interpreter\linkResolver.cpp, line 774]
Event: 0.267 Thread 0x000002684347dfb0 Implicit null exception at 0x000002685552bbc0 to 0x000002685552bc42
Event: 0.310 Thread 0x000002684347dfb0 Exception <a 'java/lang/NoSuchMethodError'{0x0000000711785a58}: 'void java.lang.invoke.DirectMethodHandle$Holder.invokeStatic(java.lang.Object, java.lang.Object)'> (0x0000000711785a58) 
thrown [s\open\src\hotspot\share\interpreter\linkResolver.cpp, line 774]
Event: 0.340 Thread 0x000002684347dfb0 Exception <a 'java/lang/NoSuchMethodError'{0x00000007114498a8}: 'java.lang.Object java.lang.invoke.DirectMethodHandle$Holder.invokeInterface(java.lang.Object, java.lang.Object)'> (0x00000007114498a8) 
thrown [s\open\src\hotspot\share\interpreter\linkResolver.cpp, line 774]
Event: 0.362 Thread 0x000002684347dfb0 Exception <a 'java/lang/NoSuchMethodError'{0x00000007114c54c0}: 'void java.lang.invoke.DirectMethodHandle$Holder.invokeStatic(java.lang.Object, java.lang.Object, java.lang.Object)'> (0x00000007114c54c0) 
thrown [s\open\src\hotspot\share\interpreter\linkResolver.cpp, line 774]
Event: 0.366 Thread 0x000002684347dfb0 Exception <a 'java/lang/NoSuchMethodError'{0x00000007114ce438}: 'java.lang.Object java.lang.invoke.DirectMethodHandle$Holder.invokeVirtual(java.lang.Object, java.lang.Object, java.lang.Object)'> (0x00000007114ce438) 
thrown [s\open\src\hotspot\share\interpreter\linkResolver.cpp, line 774]
Event: 0.513 Thread 0x000002684347dfb0 Exception <a 'java/lang/NoSuchMethodError'{0x00000007111b0208}: 'void java.lang.invoke.DirectMethodHandle$Holder.invokeStaticInit(java.lang.Object, java.lang.Object)'> (0x00000007111b0208) 
thrown [s\open\src\hotspot\share\interpreter\linkResolver.cpp, line 774]
Event: 0.576 Thread 0x000002684347dfb0 Exception <a 'sun/nio/fs/WindowsException'{0x0000000710edcce0}> (0x0000000710edcce0) 
thrown [s\open\src\hotspot\share\prims\jni.cpp, line 520]
Event: 0.622 Thread 0x000002684347dfb0 Exception <a 'java/lang/NoSuchMethodError'{0x0000000710f837d8}: 'java.lang.Object java.lang.invoke.DirectMethodHandle$Holder.invokeStaticInit(java.lang.Object, int, int, int, int)'> (0x0000000710f837d8) 
thrown [s\open\src\hotspot\share\interpreter\linkResolver.cpp, line 774]
Event: 0.639 Thread 0x000002684347dfb0 Exception <a 'java/lang/NoSuchMethodError'{0x0000000710c43648}: 'java.lang.Object java.lang.invoke.DirectMethodHandle$Holder.invokeStaticInit(java.lang.Object, java.lang.Object, int, int, int, int)'> (0x0000000710c43648) 
thrown [s\open\src\hotspot\share\interpreter\linkResolver.cpp, line 774]
Event: 0.773 Thread 0x000002684347dfb0 Exception <a 'java/lang/NoSuchMethodError'{0x0000000710dba280}: 'void java.lang.invoke.DirectMethodHandle$Holder.invokeVirtual(java.lang.Object, java.lang.Object)'> (0x0000000710dba280) 
thrown [s\open\src\hotspot\share\interpreter\linkResolver.cpp, line 774]
Event: 0.949 Thread 0x000002684347dfb0 Exception <a 'java/lang/NoSuchMethodError'{0x0000000710867fc0}: 'void java.lang.invoke.DirectMethodHandle$Holder.invokeStaticInit(java.lang.Object)'> (0x0000000710867fc0) 
thrown [s\open\src\hotspot\share\interpreter\linkResolver.cpp, line 774]

ZGC Phase Switch (0 events):
No events

VM Operations (20 events):
Event: 0.070 Executing VM operation: HandshakeAllThreads (Deoptimize)
Event: 0.070 Executing VM operation: HandshakeAllThreads (Deoptimize) done
Event: 0.142 Executing VM operation: HandshakeAllThreads (Deoptimize)
Event: 0.142 Executing VM operation: HandshakeAllThreads (Deoptimize) done
Event: 0.255 Executing VM operation: HandshakeAllThreads (Deoptimize)
Event: 0.255 Executing VM operation: HandshakeAllThreads (Deoptimize) done
Event: 0.326 Executing VM operation: HandshakeAllThreads (Deoptimize)
Event: 0.326 Executing VM operation: HandshakeAllThreads (Deoptimize) done
Event: 0.557 Executing VM operation: HandshakeAllThreads (Deoptimize)
Event: 0.557 Executing VM operation: HandshakeAllThreads (Deoptimize) done
Event: 0.614 Executing VM operation: ICBufferFull
Event: 0.615 Executing VM operation: ICBufferFull done
Event: 1.018 Executing VM operation: HandshakeAllThreads (Deoptimize)
Event: 1.018 Executing VM operation: HandshakeAllThreads (Deoptimize) done
Event: 1.067 Executing VM operation: HandshakeAllThreads (Deoptimize)
Event: 1.067 Executing VM operation: HandshakeAllThreads (Deoptimize) done
Event: 1.226 Executing VM operation: G1CollectForAllocation (G1 Evacuation Pause)
Event: 1.236 Executing VM operation: G1CollectForAllocation (G1 Evacuation Pause) done
Event: 1.252 Executing VM operation: HandshakeAllThreads (Deoptimize)
Event: 1.252 Executing VM operation: HandshakeAllThreads (Deoptimize) done

Memory protections (0 events):
No events

Nmethod flushes (0 events):
No events

Events (20 events):
Event: 0.026 Thread 0x000002684347dfb0 Thread added: 0x000002684347dfb0
Event: 0.038 Thread 0x000002684347dfb0 Thread added: 0x0000026864117af0
Event: 0.039 Thread 0x000002684347dfb0 Thread added: 0x000002686411d770
Event: 0.039 Thread 0x000002684347dfb0 Thread added: 0x000002686411e500
Event: 0.039 Thread 0x000002684347dfb0 Thread added: 0x0000026864125620
Event: 0.039 Thread 0x000002684347dfb0 Thread added: 0x0000026864123ad0
Event: 0.039 Thread 0x000002684347dfb0 Thread added: 0x0000026864124530
Event: 0.039 Thread 0x000002684347dfb0 Thread added: 0x0000026841139660
Event: 0.039 Thread 0x000002684347dfb0 Thread added: 0x000002684113b5d0
Event: 0.057 Thread 0x000002684347dfb0 Thread added: 0x00000268412aa310
Event: 0.076 Thread 0x0000026841139660 Thread added: 0x000002684113c370
Event: 0.080 Thread 0x000002684347dfb0 Thread added: 0x000002684138ef70
Event: 0.175 Thread 0x000002684347dfb0 Thread added: 0x00000268414d1990
Event: 0.176 Thread 0x000002684347dfb0 Thread added: 0x00000268414d52e0
Event: 0.178 Thread 0x000002684347dfb0 Thread added: 0x00000268414d8e50
Event: 0.279 Thread 0x000002684347dfb0 Thread added: 0x000002684150e810
Event: 0.311 Thread 0x000002684347dfb0 Thread added: 0x0000026841596d70
Event: 0.718 Thread 0x000002684113b5d0 Thread added: 0x000002684113d110
Event: 1.071 Thread 0x000002684347dfb0 Thread exited: 0x000002684347dfb0
Event: 1.071 Thread 0x000002684347dfb0 Thread added: 0x000002684347dfb0


Dynamic libraries:
0x00007ff725160000 - 0x00007ff725170000 	C:\Program Files\Java\jdk-22\bin\java.exe
0x00007ffc6af50000 - 0x00007ffc6b167000 	C:\WINDOWS\SYSTEM32\ntdll.dll
0x00007ffc693a0000 - 0x00007ffc69464000 	C:\WINDOWS\System32\KERNEL32.DLL
0x00007ffc68830000 - 0x00007ffc68bdd000 	C:\WINDOWS\System32\KERNELBASE.dll
0x00007ffc684d0000 - 0x00007ffc685e1000 	C:\WINDOWS\System32\ucrtbase.dll
0x00007ffc65230000 - 0x00007ffc6524b000 	C:\Program Files\Java\jdk-22\bin\VCRUNTIME140.dll
0x00007ffc16110000 - 0x00007ffc16127000 	C:\Program Files\Java\jdk-22\bin\jli.dll
0x00007ffc69160000 - 0x00007ffc6930e000 	C:\WINDOWS\System32\USER32.dll
0x00007ffc685f0000 - 0x00007ffc68616000 	C:\WINDOWS\System32\win32u.dll
0x00007ffc51a60000 - 0x00007ffc51cf3000 	C:\WINDOWS\WinSxS\amd64_microsoft.windows.common-controls_6595b64144ccf1df_6.0.22621.3672_none_2713b9d173822955\COMCTL32.dll
0x00007ffc69490000 - 0x00007ffc694b9000 	C:\WINDOWS\System32\GDI32.dll
0x00007ffc6ae60000 - 0x00007ffc6af07000 	C:\WINDOWS\System32\msvcrt.dll
0x00007ffc68270000 - 0x00007ffc68389000 	C:\WINDOWS\System32\gdi32full.dll
0x00007ffc68620000 - 0x00007ffc686ba000 	C:\WINDOWS\System32\msvcp_win.dll
0x00007ffc6a9a0000 - 0x00007ffc6a9d1000 	C:\WINDOWS\System32\IMM32.DLL
0x00007ffc65220000 - 0x00007ffc6522c000 	C:\Program Files\Java\jdk-22\bin\vcruntime140_1.dll
0x00007ffb99d60000 - 0x00007ffb99dee000 	C:\Program Files\Java\jdk-22\bin\msvcp140.dll
0x00007ffb95ee0000 - 0x00007ffb96c29000 	C:\Program Files\Java\jdk-22\bin\server\jvm.dll
0x00007ffc69f30000 - 0x00007ffc69fe2000 	C:\WINDOWS\System32\ADVAPI32.dll
0x00007ffc68e30000 - 0x00007ffc68ed9000 	C:\WINDOWS\System32\sechost.dll
0x00007ffc68be0000 - 0x00007ffc68c08000 	C:\WINDOWS\System32\bcrypt.dll
0x00007ffc69590000 - 0x00007ffc696a4000 	C:\WINDOWS\System32\RPCRT4.dll
0x00007ffc6a7b0000 - 0x00007ffc6a821000 	C:\WINDOWS\System32\WS2_32.dll
0x00007ffc67100000 - 0x00007ffc6714d000 	C:\WINDOWS\SYSTEM32\POWRPROF.dll
0x00007ffc56160000 - 0x00007ffc5616a000 	C:\WINDOWS\SYSTEM32\VERSION.dll
0x00007ffc5c640000 - 0x00007ffc5c674000 	C:\WINDOWS\SYSTEM32\WINMM.dll
0x00007ffc670e0000 - 0x00007ffc670f3000 	C:\WINDOWS\SYSTEM32\UMPDC.dll
0x00007ffc67390000 - 0x00007ffc673a8000 	C:\WINDOWS\SYSTEM32\kernel.appcore.dll
0x00007ffc65210000 - 0x00007ffc6521a000 	C:\Program Files\Java\jdk-22\bin\jimage.dll
0x00007ffc60450000 - 0x00007ffc60682000 	C:\WINDOWS\SYSTEM32\DBGHELP.DLL
0x00007ffc6a210000 - 0x00007ffc6a59d000 	C:\WINDOWS\System32\combase.dll
0x00007ffc68f60000 - 0x00007ffc69037000 	C:\WINDOWS\System32\OLEAUT32.dll
0x00007ffc44630000 - 0x00007ffc44662000 	C:\WINDOWS\SYSTEM32\dbgcore.DLL
0x00007ffc68390000 - 0x00007ffc6840b000 	C:\WINDOWS\System32\bcryptPrimitives.dll
0x00007ffbc5d00000 - 0x00007ffbc5d1e000 	C:\Program Files\Java\jdk-22\bin\java.dll
0x00007ffc696b0000 - 0x00007ffc69f18000 	C:\WINDOWS\System32\SHELL32.dll
0x00007ffc6a600000 - 0x00007ffc6a7a5000 	C:\WINDOWS\System32\ole32.dll
0x00007ffc661d0000 - 0x00007ffc66ace000 	C:\WINDOWS\SYSTEM32\windows.storage.dll
0x00007ffc66090000 - 0x00007ffc661cf000 	C:\WINDOWS\SYSTEM32\wintypes.dll
0x00007ffc69060000 - 0x00007ffc69159000 	C:\WINDOWS\System32\SHCORE.dll
0x00007ffc6a5a0000 - 0x00007ffc6a5fe000 	C:\WINDOWS\System32\shlwapi.dll
0x00007ffc681a0000 - 0x00007ffc681c1000 	C:\WINDOWS\SYSTEM32\profapi.dll
0x00007ffb99fb0000 - 0x00007ffb9a087000 	C:\Program Files\Java\jdk-22\bin\jsvml.dll
0x00007ffc23770000 - 0x00007ffc23780000 	C:\Program Files\Java\jdk-22\bin\net.dll
0x00007ffc67800000 - 0x00007ffc67869000 	C:\WINDOWS\system32\mswsock.dll
0x00007ffb9a950000 - 0x00007ffb9a966000 	C:\Program Files\Java\jdk-22\bin\nio.dll
0x00007ffb99f90000 - 0x00007ffb99fa7000 	C:\Program Files\Java\jdk-22\bin\zip.dll
0x00007ffb99860000 - 0x00007ffb999ee000 	C:\Program Files\Java\jdk-22\bin\awt.dll
0x00007ffc65570000 - 0x00007ffc65607000 	C:\WINDOWS\SYSTEM32\apphelp.dll
0x00007ffc65b20000 - 0x00007ffc65b4b000 	C:\WINDOWS\system32\DWMAPI.DLL
0x00007ffc657f0000 - 0x00007ffc658a0000 	C:\WINDOWS\system32\uxtheme.dll
0x00007ffc2ee00000 - 0x00007ffc2ef00000 	C:\WINDOWS\system32\opengl32.dll
0x00007ffc2ff10000 - 0x00007ffc2ff3d000 	C:\WINDOWS\SYSTEM32\GLU32.dll
0x00007ffc658d0000 - 0x00007ffc65907000 	C:\WINDOWS\SYSTEM32\dxcore.dll
0x00007ffc6a840000 - 0x00007ffc6a99b000 	C:\WINDOWS\System32\MSCTF.dll
0x00007ffc66e10000 - 0x00007ffc66f08000 	C:\WINDOWS\SYSTEM32\DNSAPI.dll
0x00007ffc66da0000 - 0x00007ffc66dcd000 	C:\WINDOWS\SYSTEM32\IPHLPAPI.DLL
0x00007ffc69f20000 - 0x00007ffc69f29000 	C:\WINDOWS\System32\NSI.dll
0x00007ffc562c0000 - 0x00007ffc562ca000 	C:\Windows\System32\rasadhlp.dll
0x00007ffc5adf0000 - 0x00007ffc5ae73000 	C:\WINDOWS\System32\fwpuclnt.dll
0x00007ffbd7970000 - 0x00007ffbd7979000 	C:\Program Files\Java\jdk-22\bin\extnet.dll
0x00007ffc67a70000 - 0x00007ffc67a8b000 	C:\WINDOWS\SYSTEM32\CRYPTSP.dll
0x00007ffc672f0000 - 0x00007ffc67325000 	C:\WINDOWS\system32\rsaenh.dll
0x00007ffc67900000 - 0x00007ffc67928000 	C:\WINDOWS\SYSTEM32\USERENV.dll
0x00007ffc67a60000 - 0x00007ffc67a6c000 	C:\WINDOWS\SYSTEM32\CRYPTBASE.dll
0x00007ffc5ffe0000 - 0x00007ffc5ffee000 	C:\Program Files\Java\jdk-22\bin\sunmscapi.dll
0x00007ffc686c0000 - 0x00007ffc68827000 	C:\WINDOWS\System32\CRYPT32.dll
0x00007ffc67c00000 - 0x00007ffc67c2e000 	C:\WINDOWS\SYSTEM32\ncrypt.dll
0x00007ffc67bc0000 - 0x00007ffc67bf7000 	C:\WINDOWS\SYSTEM32\NTASN1.dll
0x00007ffb996b0000 - 0x00007ffb99737000 	C:\Program Files\Java\jdk-22\bin\freetype.dll
0x00007ffb995d0000 - 0x00007ffb996a7000 	C:\Program Files\Java\jdk-22\bin\fontmanager.dll
0x00007ffc694e0000 - 0x00007ffc69590000 	C:\WINDOWS\System32\clbcatq.dll
0x00007ffc65630000 - 0x00007ffc657e1000 	C:\WINDOWS\SYSTEM32\WindowsCodecs.dll
0x00007ffc2bd80000 - 0x00007ffc2bdde000 	C:\WINDOWS\system32\dataexchange.dll
0x00007ffc5c290000 - 0x00007ffc5c51a000 	C:\WINDOWS\system32\twinapi.appcore.dll
0x00007ffc523a0000 - 0x00007ffc524ee000 	C:\WINDOWS\SYSTEM32\textinputframework.dll
0x00007ffc65280000 - 0x00007ffc653b3000 	C:\WINDOWS\SYSTEM32\CoreMessaging.dll
0x00007ffc5ec40000 - 0x00007ffc5efad000 	C:\WINDOWS\SYSTEM32\CoreUIComponents.dll

dbghelp: loaded successfully - version: 4.0.5 - missing functions: none
symbol engine: initialized successfully - sym options: 0x614 - pdb path: .;C:\Program Files\Java\jdk-22\bin;C:\WINDOWS\SYSTEM32;C:\WINDOWS\WinSxS\amd64_microsoft.windows.common-controls_6595b64144ccf1df_6.0.22621.3672_none_2713b9d173822955;C:\Program Files\Java\jdk-22\bin\server

VM Arguments:
jvm_args: -Dfile.encoding=UTF-8 --module-path=C:\Users\royal\Documents\NetBeansProjects\Hotel Management System\build\classes 
java_command: hotel.management.system.AddCustomer
java_class_path (initial): C:\Users\royal\Downloads\mysql-connector-java-8.0.28.jar;C:\Users\royal\Documents\NetBeansProjects\Hotel Management System\build\classes
Launcher Type: SUN_STANDARD

[Global flags]
     intx CICompilerCount                          = 4                                         {product} {ergonomic}
     uint ConcGCThreads                            = 2                                         {product} {ergonomic}
     uint G1ConcRefinementThreads                  = 8                                         {product} {ergonomic}
   size_t G1HeapRegionSize                         = 2097152                                   {product} {ergonomic}
   size_t InitialHeapSize                          = 268435456                                 {product} {ergonomic}
   size_t MarkStackSize                            = 4194304                                   {product} {ergonomic}
   size_t MaxHeapSize                              = 4263510016                                {product} {ergonomic}
   size_t MaxNewSize                               = 2556428288                                {product} {ergonomic}
   size_t MinHeapDeltaBytes                        = 2097152                                   {product} {ergonomic}
   size_t MinHeapSize                              = 8388608                                   {product} {ergonomic}
    uintx NonNMethodCodeHeapSize                   = 5839372                                {pd product} {ergonomic}
    uintx NonProfiledCodeHeapSize                  = 122909434                              {pd product} {ergonomic}
    uintx ProfiledCodeHeapSize                     = 122909434                              {pd product} {ergonomic}
    uintx ReservedCodeCacheSize                    = 251658240                              {pd product} {ergonomic}
     bool SegmentedCodeCache                       = true                                      {product} {ergonomic}
   size_t SoftMaxHeapSize                          = 4263510016                             {manageable} {ergonomic}
     bool UseCompressedOops                        = true                           {product lp64_product} {ergonomic}
     bool UseG1GC                                  = true                                      {product} {ergonomic}
     bool UseLargePagesIndividualAllocation        = false                                  {pd product} {ergonomic}

Logging:
Log output configuration:
 #0: stdout all=warning uptime,level,tags foldmultilines=false
 #1: stderr all=off uptime,level,tags foldmultilines=false

Environment Variables:
JAVA_HOME=C:\Program Files\Amazon Corretto\jdk19.0.1_10
PATH=C:\Program Files\Amazon Corretto\jdk19.0.1_10\bin;C:\Program Files\Eclipse Adoptium\jdk-17.0.5.8-hotspot\bin;C:\Program Files\Common Files\Oracle\Java\javapath;C:\WINDOWS\system32;C:\WINDOWS;C:\WINDOWS\System32\Wbem;C:\WINDOWS\System32\WindowsPowerShell\v1.0\;C:\WINDOWS\System32\OpenSSH\;C:\MinGW\bin;C:\Program Files (x86)\Intel\Intel(R) Management Engine Components\DAL;C:\Program Files\Intel\Intel(R) Management Engine Components\DAL;C:\Program Files\MySQL\MySQL Server 8.0\bin\fido2.dll;C:\Program Files\dotnet\;C:\Program Files\Microsoft VS Code\bin;C:\Program Files\nodejs\;C:\Program Files\MySQL\MySQL Shell 8.0\bin\;C:\Users\royal\AppData\Local\Microsoft\WindowsApps;C:\Users\royal\AppData\Roaming\npm
USERNAME=royal
OS=Windows_NT
PROCESSOR_IDENTIFIER=Intel64 Family 6 Model 142 Stepping 11, GenuineIntel
TMP=C:\Users\royal\AppData\Local\Temp
TEMP=C:\Users\royal\AppData\Local\Temp




Periodic native trim disabled

---------------  S Y S T E M  ---------------

OS:
 Windows 11 , 64 bit Build 22621 (10.0.22621.3958)
OS uptime: 1 days 4:08 hours

CPU: total 8 (initial active 8) (4 cores per cpu, 2 threads per core) family 6 model 142 stepping 11 microcode 0xf4, cx8, cmov, fxsr, ht, mmx, 3dnowpref, sse, sse2, sse3, ssse3, sse4.1, sse4.2, popcnt, lzcnt, tsc, tscinvbit, avx, avx2, aes, erms, clmul, bmi1, bmi2, adx, fma, vzeroupper, clflush, clflushopt, rdtscp, f16c
Processor Information for processor 0
  Max Mhz: 1992, Current Mhz: 1792, Mhz Limit: 1792
Processor Information for processor 1
  Max Mhz: 1992, Current Mhz: 1494, Mhz Limit: 1792
Processor Information for processor 2
  Max Mhz: 1992, Current Mhz: 1494, Mhz Limit: 1792
Processor Information for processor 3
  Max Mhz: 1992, Current Mhz: 1494, Mhz Limit: 1792
Processor Information for processor 4
  Max Mhz: 1992, Current Mhz: 1494, Mhz Limit: 1792
Processor Information for processor 5
  Max Mhz: 1992, Current Mhz: 1494, Mhz Limit: 1792
Processor Information for processor 6
  Max Mhz: 1992, Current Mhz: 1494, Mhz Limit: 1792
Processor Information for processor 7
  Max Mhz: 1992, Current Mhz: 1494, Mhz Limit: 1792

Memory: 4k page, system-wide physical 16259M (5000M free)
TotalPageFile size 44780M (AvailPageFile size 5M)
current process WorkingSet (physical memory assigned to process): 124M, peak: 124M
current process commit charge ("private bytes"): 387M, peak: 387M

vm_info: Java HotSpot(TM) 64-Bit Server VM (22.0.2+9-70) for windows-amd64 JRE (22.0.2+9-70), built on 2024-06-04T16:52:23Z by "mach5one" with MS VC++ 17.6 (VS2022)

END.
