#
# There is insufficient memory for the Java Runtime Environment to continue.
# Native memory allocation (malloc) failed to allocate 32744 bytes. Error detail: Chunk::new
# Possible reasons:
#   The system is out of physical RAM or swap space
#   This process is running with CompressedOops enabled, and the Java Heap may be blocking the growth of the native heap
# Possible solutions:
#   Reduce memory load on the system
#   Increase physical memory or swap space
#   Check if swap backing store is full
#   Decrease Java heap size (-Xmx/-Xms)
#   Decrease number of Java threads
#   Decrease Java thread stack sizes (-Xss)
#   Set larger code cache with -XX:ReservedCodeCacheSize=
#   JVM is running with Zero Based Compressed Oops mode in which the Java heap is
#     placed in the first 32GB address space. The Java Heap base address is the
#     maximum limit for the native heap growth. Please use -XX:HeapBaseMinAddress
#     to set the Java Heap base and to place the Java Heap above 32GB virtual address.
# This output file may be truncated or incomplete.
#
#  Out of Memory Error (arena.cpp:150), pid=23316, tid=3960
#
# JRE version: Java(TM) SE Runtime Environment (22.0.2+9) (build 22.0.2+9-70)
# Java VM: Java HotSpot(TM) 64-Bit Server VM (22.0.2+9-70, mixed mode, sharing, tiered, compressed oops, compressed class ptrs, g1 gc, windows-amd64)
# No core dump will be written. Minidumps are not enabled by default on client versions of Windows
#

---------------  S U M M A R Y ------------

Command Line: -Dfile.encoding=UTF-8 --module-path=C:\Users\royal\Documents\NetBeansProjects\Hotel Management System\build\classes hotel.management.system.AddRooms

Host: Intel(R) Core(TM) i7-8565U CPU @ 1.80GHz, 8 cores, 15G,  Windows 11 , 64 bit Build 22621 (10.0.22621.3958)
Time: Sun Sep  1 16:26:47 2024 India Standard Time elapsed time: 929.454654 seconds (0d 0h 15m 29s)

---------------  T H R E A D  ---------------

Current thread (0x00000147e08f16e0):  JavaThread "C2 CompilerThread0" daemon [_thread_in_native, id=3960, stack(0x00000044e5c00000,0x00000044e5d00000) (1024K)]


Current CompileTask:
C2:929454 1154       4       java.util.Arrays::binarySearch0 (95 bytes)

Stack: [0x00000044e5c00000,0x00000044e5d00000]
Native frames: (J=compiled Java code, j=interpreted, Vv=VM code, C=native code)
V  [jvm.dll+0x6e26e9]  (no source info available)
V  [jvm.dll+0x875753]  (no source info available)
V  [jvm.dll+0x877b7e]  (no source info available)
V  [jvm.dll+0x878253]  (no source info available)
V  [jvm.dll+0x27fc86]  (no source info available)
V  [jvm.dll+0xc3d0f]  (no source info available)
V  [jvm.dll+0xc3f6b]  (no source info available)
V  [jvm.dll+0x2f3c7f]  (no source info available)
V  [jvm.dll+0x60c0fa]  (no source info available)
V  [jvm.dll+0x250c92]  (no source info available)
V  [jvm.dll+0x2492a6]  (no source info available)
V  [jvm.dll+0x246da6]  (no source info available)
V  [jvm.dll+0x1c4e80]  (no source info available)
V  [jvm.dll+0x2568f3]  (no source info available)
V  [jvm.dll+0x254baa]  (no source info available)
V  [jvm.dll+0x3f57a6]  (no source info available)
V  [jvm.dll+0x81dc0b]  (no source info available)
V  [jvm.dll+0x6e0d85]  (no source info available)
C  [ucrtbase.dll+0x29333]  (no source info available)
C  [KERNEL32.DLL+0x1257d]  (no source info available)
C  [ntdll.dll+0x5af28]  (no source info available)


---------------  P R O C E S S  ---------------

Threads class SMR info:
_java_thread_list=0x00000148272ff300, length=16, elements={
0x00000147e08d39d0, 0x00000147e08d5640, 0x00000147e08dccd0, 0x00000147e08dfbd0,
0x00000147e08e8640, 0x00000147e08eb1e0, 0x00000147e08f16e0, 0x00000147e08f22c0,
0x00000147e08a0e90, 0x00000147e0c880f0, 0x00000147e0dd3750, 0x00000147e0dd3dc0,
0x00000147e0da5000, 0x0000014827203ef0, 0x00000147bf5dd2c0, 0x0000014827505190
}

Java Threads: ( => current thread )
  0x00000147e08d39d0 JavaThread "Reference Handler"          daemon [_thread_blocked, id=23836, stack(0x00000044e5600000,0x00000044e5700000) (1024K)]
  0x00000147e08d5640 JavaThread "Finalizer"                  daemon [_thread_blocked, id=30532, stack(0x00000044e5700000,0x00000044e5800000) (1024K)]
  0x00000147e08dccd0 JavaThread "Signal Dispatcher"          daemon [_thread_blocked, id=26720, stack(0x00000044e5800000,0x00000044e5900000) (1024K)]
  0x00000147e08dfbd0 JavaThread "Attach Listener"            daemon [_thread_blocked, id=23312, stack(0x00000044e5900000,0x00000044e5a00000) (1024K)]
  0x00000147e08e8640 JavaThread "Service Thread"             daemon [_thread_blocked, id=24636, stack(0x00000044e5a00000,0x00000044e5b00000) (1024K)]
  0x00000147e08eb1e0 JavaThread "Monitor Deflation Thread"   daemon [_thread_blocked, id=35500, stack(0x00000044e5b00000,0x00000044e5c00000) (1024K)]
=>0x00000147e08f16e0 JavaThread "C2 CompilerThread0"         daemon [_thread_in_native, id=3960, stack(0x00000044e5c00000,0x00000044e5d00000) (1024K)]
  0x00000147e08f22c0 JavaThread "C1 CompilerThread0"         daemon [_thread_blocked, id=32272, stack(0x00000044e5d00000,0x00000044e5e00000) (1024K)]
  0x00000147e08a0e90 JavaThread "Common-Cleaner"             daemon [_thread_blocked, id=26792, stack(0x00000044e5e00000,0x00000044e5f00000) (1024K)]
  0x00000147e0c880f0 JavaThread "Notification Thread"        daemon [_thread_blocked, id=1928, stack(0x00000044e6000000,0x00000044e6100000) (1024K)]
  0x00000147e0dd3750 JavaThread "Java2D Disposer"            daemon [_thread_blocked, id=32996, stack(0x00000044e6100000,0x00000044e6200000) (1024K)]
  0x00000147e0dd3dc0 JavaThread "AWT-Shutdown"                      [_thread_blocked, id=22640, stack(0x00000044e6200000,0x00000044e6300000) (1024K)]
  0x00000147e0da5000 JavaThread "AWT-Windows"                daemon [_thread_in_native, id=34944, stack(0x00000044e6300000,0x00000044e6400000) (1024K)]
  0x0000014827203ef0 JavaThread "AWT-EventQueue-0"                  [_thread_blocked, id=35400, stack(0x00000044e6400000,0x00000044e6500000) (1024K)]
  0x00000147bf5dd2c0 JavaThread "DestroyJavaVM"                     [_thread_blocked, id=2064, stack(0x00000044e4e00000,0x00000044e4f00000) (1024K)]
  0x0000014827505190 JavaThread "TimerQueue"                 daemon [_thread_blocked, id=35212, stack(0x00000044e5f00000,0x00000044e6000000) (1024K)]
Total: 16

Other Threads:
  0x00000147e08b8ff0 VMThread "VM Thread"                           [id=31824, stack(0x00000044e5500000,0x00000044e5600000) (1024K)]
  0x00000147e089fbc0 WatcherThread "VM Periodic Task Thread"        [id=31152, stack(0x00000044e5400000,0x00000044e5500000) (1024K)]
  0x00000147bf9406c0 WorkerThread "GC Thread#0"                     [id=16700, stack(0x00000044e4f00000,0x00000044e5000000) (1024K)]
  0x00000147bf952680 ConcurrentGCThread "G1 Main Marker"            [id=13448, stack(0x00000044e5000000,0x00000044e5100000) (1024K)]
  0x00000147bf953190 WorkerThread "G1 Conc#0"                       [id=33232, stack(0x00000044e5100000,0x00000044e5200000) (1024K)]
  0x00000147e0762980 ConcurrentGCThread "G1 Refine#0"               [id=4384, stack(0x00000044e5200000,0x00000044e5300000) (1024K)]
  0x00000147e0763500 ConcurrentGCThread "G1 Service"                [id=19372, stack(0x00000044e5300000,0x00000044e5400000) (1024K)]
Total: 7

Threads with active compile tasks:
C2 CompilerThread0  929595 1154       4       java.util.Arrays::binarySearch0 (95 bytes)
Total: 1

VM state: not at safepoint (normal execution)

VM Mutex/Monitor currently owned by a thread: None

Heap address: 0x0000000701e00000, size: 4066 MB, Compressed Oops mode: Zero based, Oop shift amount: 3

CDS archive(s) mapped at: [0x00000147e1000000-0x00000147e1c60000-0x00000147e1c60000), size 12976128, SharedBaseAddress: 0x00000147e1000000, ArchiveRelocationMode: 1.
Compressed class space mapped at: 0x00000147e2000000-0x0000014822000000, reserved size: 1073741824
Narrow klass base: 0x00000147e1000000, Narrow klass shift: 0, Narrow klass range: 0x41000000

GC Precious Log:
 CardTable entry size: 512
 Card Set container configuration: InlinePtr #cards 4 size 8 Array Of Cards #cards 16 size 48 Howl #buckets 8 coarsen threshold 3686 Howl Bitmap #cards 512 size 80 coarsen threshold 460 Card regions per heap region 1 cards per card region 4096
 CPUs: 8 total, 8 available
 Memory: 16259M
 Large Page Support: Disabled
 NUMA Support: Disabled
 Compressed Oops: Enabled (Zero based)
 Heap Region Size: 2M
 Heap Min Capacity: 8M
 Heap Initial Capacity: 256M
 Heap Max Capacity: 4066M
 Pre-touch: Disabled
 Parallel Workers: 8
 Concurrent Workers: 2
 Concurrent Refinement Workers: 8
 Periodic GC: Disabled

Heap:
 garbage-first heap   total reserved 4163584K, committed 262144K, used 20480K [0x0000000701e00000, 0x0000000800000000)
  region size 2048K, 8 young (16384K), 0 survivors (0K)
 Metaspace       used 9160K, committed 9408K, reserved 1114112K
  class space    used 1079K, committed 1216K, reserved 1048576K

Heap Regions: E=young(eden), S=young(survivor), O=old, HS=humongous(starts), HC=humongous(continues), CS=collection set, F=free, TAMS=top-at-mark-start, PB=parsable bottom
|   0|0x0000000701e00000, 0x0000000702000000, 0x0000000702000000|100%|HS|  |TAMS 0x0000000701e00000| PB 0x0000000701e00000| Complete |  0
|   1|0x0000000702000000, 0x0000000702200000, 0x0000000702200000|100%|HC|  |TAMS 0x0000000702000000| PB 0x0000000702000000| Complete |  0
|   2|0x0000000702200000, 0x0000000702400000, 0x0000000702400000|100%|HS|  |TAMS 0x0000000702200000| PB 0x0000000702200000| Complete |  0
|   3|0x0000000702400000, 0x0000000702400000, 0x0000000702600000|  0%| F|  |TAMS 0x0000000702400000| PB 0x0000000702400000| Untracked |  0
|   4|0x0000000702600000, 0x0000000702600000, 0x0000000702800000|  0%| F|  |TAMS 0x0000000702600000| PB 0x0000000702600000| Untracked |  0
|   5|0x0000000702800000, 0x0000000702800000, 0x0000000702a00000|  0%| F|  |TAMS 0x0000000702800000| PB 0x0000000702800000| Untracked |  0
|   6|0x0000000702a00000, 0x0000000702a00000, 0x0000000702c00000|  0%| F|  |TAMS 0x0000000702a00000| PB 0x0000000702a00000| Untracked |  0
|   7|0x0000000702c00000, 0x0000000702c00000, 0x0000000702e00000|  0%| F|  |TAMS 0x0000000702c00000| PB 0x0000000702c00000| Untracked |  0
|   8|0x0000000702e00000, 0x0000000702e00000, 0x0000000703000000|  0%| F|  |TAMS 0x0000000702e00000| PB 0x0000000702e00000| Untracked |  0
|   9|0x0000000703000000, 0x0000000703000000, 0x0000000703200000|  0%| F|  |TAMS 0x0000000703000000| PB 0x0000000703000000| Untracked |  0
|  10|0x0000000703200000, 0x0000000703200000, 0x0000000703400000|  0%| F|  |TAMS 0x0000000703200000| PB 0x0000000703200000| Untracked |  0
|  11|0x0000000703400000, 0x0000000703400000, 0x0000000703600000|  0%| F|  |TAMS 0x0000000703400000| PB 0x0000000703400000| Untracked |  0
|  12|0x0000000703600000, 0x0000000703600000, 0x0000000703800000|  0%| F|  |TAMS 0x0000000703600000| PB 0x0000000703600000| Untracked |  0
|  13|0x0000000703800000, 0x0000000703800000, 0x0000000703a00000|  0%| F|  |TAMS 0x0000000703800000| PB 0x0000000703800000| Untracked |  0
|  14|0x0000000703a00000, 0x0000000703a00000, 0x0000000703c00000|  0%| F|  |TAMS 0x0000000703a00000| PB 0x0000000703a00000| Untracked |  0
|  15|0x0000000703c00000, 0x0000000703c00000, 0x0000000703e00000|  0%| F|  |TAMS 0x0000000703c00000| PB 0x0000000703c00000| Untracked |  0
|  16|0x0000000703e00000, 0x0000000703e00000, 0x0000000704000000|  0%| F|  |TAMS 0x0000000703e00000| PB 0x0000000703e00000| Untracked |  0
|  17|0x0000000704000000, 0x0000000704000000, 0x0000000704200000|  0%| F|  |TAMS 0x0000000704000000| PB 0x0000000704000000| Untracked |  0
|  18|0x0000000704200000, 0x0000000704200000, 0x0000000704400000|  0%| F|  |TAMS 0x0000000704200000| PB 0x0000000704200000| Untracked |  0
|  19|0x0000000704400000, 0x0000000704400000, 0x0000000704600000|  0%| F|  |TAMS 0x0000000704400000| PB 0x0000000704400000| Untracked |  0
|  20|0x0000000704600000, 0x0000000704600000, 0x0000000704800000|  0%| F|  |TAMS 0x0000000704600000| PB 0x0000000704600000| Untracked |  0
|  21|0x0000000704800000, 0x0000000704800000, 0x0000000704a00000|  0%| F|  |TAMS 0x0000000704800000| PB 0x0000000704800000| Untracked |  0
|  22|0x0000000704a00000, 0x0000000704a00000, 0x0000000704c00000|  0%| F|  |TAMS 0x0000000704a00000| PB 0x0000000704a00000| Untracked |  0
|  23|0x0000000704c00000, 0x0000000704c00000, 0x0000000704e00000|  0%| F|  |TAMS 0x0000000704c00000| PB 0x0000000704c00000| Untracked |  0
|  24|0x0000000704e00000, 0x0000000704e00000, 0x0000000705000000|  0%| F|  |TAMS 0x0000000704e00000| PB 0x0000000704e00000| Untracked |  0
|  25|0x0000000705000000, 0x0000000705000000, 0x0000000705200000|  0%| F|  |TAMS 0x0000000705000000| PB 0x0000000705000000| Untracked |  0
|  26|0x0000000705200000, 0x0000000705200000, 0x0000000705400000|  0%| F|  |TAMS 0x0000000705200000| PB 0x0000000705200000| Untracked |  0
|  27|0x0000000705400000, 0x0000000705400000, 0x0000000705600000|  0%| F|  |TAMS 0x0000000705400000| PB 0x0000000705400000| Untracked |  0
|  28|0x0000000705600000, 0x0000000705600000, 0x0000000705800000|  0%| F|  |TAMS 0x0000000705600000| PB 0x0000000705600000| Untracked |  0
|  29|0x0000000705800000, 0x0000000705800000, 0x0000000705a00000|  0%| F|  |TAMS 0x0000000705800000| PB 0x0000000705800000| Untracked |  0
|  30|0x0000000705a00000, 0x0000000705a00000, 0x0000000705c00000|  0%| F|  |TAMS 0x0000000705a00000| PB 0x0000000705a00000| Untracked |  0
|  31|0x0000000705c00000, 0x0000000705c00000, 0x0000000705e00000|  0%| F|  |TAMS 0x0000000705c00000| PB 0x0000000705c00000| Untracked |  0
|  32|0x0000000705e00000, 0x0000000705e00000, 0x0000000706000000|  0%| F|  |TAMS 0x0000000705e00000| PB 0x0000000705e00000| Untracked |  0
|  33|0x0000000706000000, 0x0000000706000000, 0x0000000706200000|  0%| F|  |TAMS 0x0000000706000000| PB 0x0000000706000000| Untracked |  0
|  34|0x0000000706200000, 0x0000000706200000, 0x0000000706400000|  0%| F|  |TAMS 0x0000000706200000| PB 0x0000000706200000| Untracked |  0
|  35|0x0000000706400000, 0x0000000706400000, 0x0000000706600000|  0%| F|  |TAMS 0x0000000706400000| PB 0x0000000706400000| Untracked |  0
|  36|0x0000000706600000, 0x0000000706600000, 0x0000000706800000|  0%| F|  |TAMS 0x0000000706600000| PB 0x0000000706600000| Untracked |  0
|  37|0x0000000706800000, 0x0000000706800000, 0x0000000706a00000|  0%| F|  |TAMS 0x0000000706800000| PB 0x0000000706800000| Untracked |  0
|  38|0x0000000706a00000, 0x0000000706a00000, 0x0000000706c00000|  0%| F|  |TAMS 0x0000000706a00000| PB 0x0000000706a00000| Untracked |  0
|  39|0x0000000706c00000, 0x0000000706c00000, 0x0000000706e00000|  0%| F|  |TAMS 0x0000000706c00000| PB 0x0000000706c00000| Untracked |  0
|  40|0x0000000706e00000, 0x0000000706e00000, 0x0000000707000000|  0%| F|  |TAMS 0x0000000706e00000| PB 0x0000000706e00000| Untracked |  0
|  41|0x0000000707000000, 0x0000000707000000, 0x0000000707200000|  0%| F|  |TAMS 0x0000000707000000| PB 0x0000000707000000| Untracked |  0
|  42|0x0000000707200000, 0x0000000707200000, 0x0000000707400000|  0%| F|  |TAMS 0x0000000707200000| PB 0x0000000707200000| Untracked |  0
|  43|0x0000000707400000, 0x0000000707400000, 0x0000000707600000|  0%| F|  |TAMS 0x0000000707400000| PB 0x0000000707400000| Untracked |  0
|  44|0x0000000707600000, 0x0000000707600000, 0x0000000707800000|  0%| F|  |TAMS 0x0000000707600000| PB 0x0000000707600000| Untracked |  0
|  45|0x0000000707800000, 0x0000000707800000, 0x0000000707a00000|  0%| F|  |TAMS 0x0000000707800000| PB 0x0000000707800000| Untracked |  0
|  46|0x0000000707a00000, 0x0000000707a00000, 0x0000000707c00000|  0%| F|  |TAMS 0x0000000707a00000| PB 0x0000000707a00000| Untracked |  0
|  47|0x0000000707c00000, 0x0000000707c00000, 0x0000000707e00000|  0%| F|  |TAMS 0x0000000707c00000| PB 0x0000000707c00000| Untracked |  0
|  48|0x0000000707e00000, 0x0000000707e00000, 0x0000000708000000|  0%| F|  |TAMS 0x0000000707e00000| PB 0x0000000707e00000| Untracked |  0
|  49|0x0000000708000000, 0x0000000708000000, 0x0000000708200000|  0%| F|  |TAMS 0x0000000708000000| PB 0x0000000708000000| Untracked |  0
|  50|0x0000000708200000, 0x0000000708200000, 0x0000000708400000|  0%| F|  |TAMS 0x0000000708200000| PB 0x0000000708200000| Untracked |  0
|  51|0x0000000708400000, 0x0000000708400000, 0x0000000708600000|  0%| F|  |TAMS 0x0000000708400000| PB 0x0000000708400000| Untracked |  0
|  52|0x0000000708600000, 0x0000000708600000, 0x0000000708800000|  0%| F|  |TAMS 0x0000000708600000| PB 0x0000000708600000| Untracked |  0
|  53|0x0000000708800000, 0x0000000708800000, 0x0000000708a00000|  0%| F|  |TAMS 0x0000000708800000| PB 0x0000000708800000| Untracked |  0
|  54|0x0000000708a00000, 0x0000000708a00000, 0x0000000708c00000|  0%| F|  |TAMS 0x0000000708a00000| PB 0x0000000708a00000| Untracked |  0
|  55|0x0000000708c00000, 0x0000000708c00000, 0x0000000708e00000|  0%| F|  |TAMS 0x0000000708c00000| PB 0x0000000708c00000| Untracked |  0
|  56|0x0000000708e00000, 0x0000000708e00000, 0x0000000709000000|  0%| F|  |TAMS 0x0000000708e00000| PB 0x0000000708e00000| Untracked |  0
|  57|0x0000000709000000, 0x0000000709000000, 0x0000000709200000|  0%| F|  |TAMS 0x0000000709000000| PB 0x0000000709000000| Untracked |  0
|  58|0x0000000709200000, 0x0000000709200000, 0x0000000709400000|  0%| F|  |TAMS 0x0000000709200000| PB 0x0000000709200000| Untracked |  0
|  59|0x0000000709400000, 0x0000000709400000, 0x0000000709600000|  0%| F|  |TAMS 0x0000000709400000| PB 0x0000000709400000| Untracked |  0
|  60|0x0000000709600000, 0x0000000709600000, 0x0000000709800000|  0%| F|  |TAMS 0x0000000709600000| PB 0x0000000709600000| Untracked |  0
|  61|0x0000000709800000, 0x0000000709800000, 0x0000000709a00000|  0%| F|  |TAMS 0x0000000709800000| PB 0x0000000709800000| Untracked |  0
|  62|0x0000000709a00000, 0x0000000709a00000, 0x0000000709c00000|  0%| F|  |TAMS 0x0000000709a00000| PB 0x0000000709a00000| Untracked |  0
|  63|0x0000000709c00000, 0x0000000709c00000, 0x0000000709e00000|  0%| F|  |TAMS 0x0000000709c00000| PB 0x0000000709c00000| Untracked |  0
|  64|0x0000000709e00000, 0x0000000709e00000, 0x000000070a000000|  0%| F|  |TAMS 0x0000000709e00000| PB 0x0000000709e00000| Untracked |  0
|  65|0x000000070a000000, 0x000000070a000000, 0x000000070a200000|  0%| F|  |TAMS 0x000000070a000000| PB 0x000000070a000000| Untracked |  0
|  66|0x000000070a200000, 0x000000070a200000, 0x000000070a400000|  0%| F|  |TAMS 0x000000070a200000| PB 0x000000070a200000| Untracked |  0
|  67|0x000000070a400000, 0x000000070a400000, 0x000000070a600000|  0%| F|  |TAMS 0x000000070a400000| PB 0x000000070a400000| Untracked |  0
|  68|0x000000070a600000, 0x000000070a600000, 0x000000070a800000|  0%| F|  |TAMS 0x000000070a600000| PB 0x000000070a600000| Untracked |  0
|  69|0x000000070a800000, 0x000000070a800000, 0x000000070aa00000|  0%| F|  |TAMS 0x000000070a800000| PB 0x000000070a800000| Untracked |  0
|  70|0x000000070aa00000, 0x000000070aa00000, 0x000000070ac00000|  0%| F|  |TAMS 0x000000070aa00000| PB 0x000000070aa00000| Untracked |  0
|  71|0x000000070ac00000, 0x000000070ac00000, 0x000000070ae00000|  0%| F|  |TAMS 0x000000070ac00000| PB 0x000000070ac00000| Untracked |  0
|  72|0x000000070ae00000, 0x000000070ae00000, 0x000000070b000000|  0%| F|  |TAMS 0x000000070ae00000| PB 0x000000070ae00000| Untracked |  0
|  73|0x000000070b000000, 0x000000070b000000, 0x000000070b200000|  0%| F|  |TAMS 0x000000070b000000| PB 0x000000070b000000| Untracked |  0
|  74|0x000000070b200000, 0x000000070b200000, 0x000000070b400000|  0%| F|  |TAMS 0x000000070b200000| PB 0x000000070b200000| Untracked |  0
|  75|0x000000070b400000, 0x000000070b400000, 0x000000070b600000|  0%| F|  |TAMS 0x000000070b400000| PB 0x000000070b400000| Untracked |  0
|  76|0x000000070b600000, 0x000000070b600000, 0x000000070b800000|  0%| F|  |TAMS 0x000000070b600000| PB 0x000000070b600000| Untracked |  0
|  77|0x000000070b800000, 0x000000070b800000, 0x000000070ba00000|  0%| F|  |TAMS 0x000000070b800000| PB 0x000000070b800000| Untracked |  0
|  78|0x000000070ba00000, 0x000000070ba00000, 0x000000070bc00000|  0%| F|  |TAMS 0x000000070ba00000| PB 0x000000070ba00000| Untracked |  0
|  79|0x000000070bc00000, 0x000000070bc00000, 0x000000070be00000|  0%| F|  |TAMS 0x000000070bc00000| PB 0x000000070bc00000| Untracked |  0
|  80|0x000000070be00000, 0x000000070be00000, 0x000000070c000000|  0%| F|  |TAMS 0x000000070be00000| PB 0x000000070be00000| Untracked |  0
|  81|0x000000070c000000, 0x000000070c000000, 0x000000070c200000|  0%| F|  |TAMS 0x000000070c000000| PB 0x000000070c000000| Untracked |  0
|  82|0x000000070c200000, 0x000000070c200000, 0x000000070c400000|  0%| F|  |TAMS 0x000000070c200000| PB 0x000000070c200000| Untracked |  0
|  83|0x000000070c400000, 0x000000070c400000, 0x000000070c600000|  0%| F|  |TAMS 0x000000070c400000| PB 0x000000070c400000| Untracked |  0
|  84|0x000000070c600000, 0x000000070c600000, 0x000000070c800000|  0%| F|  |TAMS 0x000000070c600000| PB 0x000000070c600000| Untracked |  0
|  85|0x000000070c800000, 0x000000070c800000, 0x000000070ca00000|  0%| F|  |TAMS 0x000000070c800000| PB 0x000000070c800000| Untracked |  0
|  86|0x000000070ca00000, 0x000000070ca00000, 0x000000070cc00000|  0%| F|  |TAMS 0x000000070ca00000| PB 0x000000070ca00000| Untracked |  0
|  87|0x000000070cc00000, 0x000000070cc00000, 0x000000070ce00000|  0%| F|  |TAMS 0x000000070cc00000| PB 0x000000070cc00000| Untracked |  0
|  88|0x000000070ce00000, 0x000000070ce00000, 0x000000070d000000|  0%| F|  |TAMS 0x000000070ce00000| PB 0x000000070ce00000| Untracked |  0
|  89|0x000000070d000000, 0x000000070d000000, 0x000000070d200000|  0%| F|  |TAMS 0x000000070d000000| PB 0x000000070d000000| Untracked |  0
|  90|0x000000070d200000, 0x000000070d200000, 0x000000070d400000|  0%| F|  |TAMS 0x000000070d200000| PB 0x000000070d200000| Untracked |  0
|  91|0x000000070d400000, 0x000000070d400000, 0x000000070d600000|  0%| F|  |TAMS 0x000000070d400000| PB 0x000000070d400000| Untracked |  0
|  92|0x000000070d600000, 0x000000070d600000, 0x000000070d800000|  0%| F|  |TAMS 0x000000070d600000| PB 0x000000070d600000| Untracked |  0
|  93|0x000000070d800000, 0x000000070d800000, 0x000000070da00000|  0%| F|  |TAMS 0x000000070d800000| PB 0x000000070d800000| Untracked |  0
|  94|0x000000070da00000, 0x000000070da00000, 0x000000070dc00000|  0%| F|  |TAMS 0x000000070da00000| PB 0x000000070da00000| Untracked |  0
|  95|0x000000070dc00000, 0x000000070dc00000, 0x000000070de00000|  0%| F|  |TAMS 0x000000070dc00000| PB 0x000000070dc00000| Untracked |  0
|  96|0x000000070de00000, 0x000000070de00000, 0x000000070e000000|  0%| F|  |TAMS 0x000000070de00000| PB 0x000000070de00000| Untracked |  0
|  97|0x000000070e000000, 0x000000070e000000, 0x000000070e200000|  0%| F|  |TAMS 0x000000070e000000| PB 0x000000070e000000| Untracked |  0
|  98|0x000000070e200000, 0x000000070e200000, 0x000000070e400000|  0%| F|  |TAMS 0x000000070e200000| PB 0x000000070e200000| Untracked |  0
|  99|0x000000070e400000, 0x000000070e400000, 0x000000070e600000|  0%| F|  |TAMS 0x000000070e400000| PB 0x000000070e400000| Untracked |  0
| 100|0x000000070e600000, 0x000000070e600000, 0x000000070e800000|  0%| F|  |TAMS 0x000000070e600000| PB 0x000000070e600000| Untracked |  0
| 101|0x000000070e800000, 0x000000070e800000, 0x000000070ea00000|  0%| F|  |TAMS 0x000000070e800000| PB 0x000000070e800000| Untracked |  0
| 102|0x000000070ea00000, 0x000000070ea00000, 0x000000070ec00000|  0%| F|  |TAMS 0x000000070ea00000| PB 0x000000070ea00000| Untracked |  0
| 103|0x000000070ec00000, 0x000000070ec00000, 0x000000070ee00000|  0%| F|  |TAMS 0x000000070ec00000| PB 0x000000070ec00000| Untracked |  0
| 104|0x000000070ee00000, 0x000000070ee00000, 0x000000070f000000|  0%| F|  |TAMS 0x000000070ee00000| PB 0x000000070ee00000| Untracked |  0
| 105|0x000000070f000000, 0x000000070f000000, 0x000000070f200000|  0%| F|  |TAMS 0x000000070f000000| PB 0x000000070f000000| Untracked |  0
| 106|0x000000070f200000, 0x000000070f200000, 0x000000070f400000|  0%| F|  |TAMS 0x000000070f200000| PB 0x000000070f200000| Untracked |  0
| 107|0x000000070f400000, 0x000000070f400000, 0x000000070f600000|  0%| F|  |TAMS 0x000000070f400000| PB 0x000000070f400000| Untracked |  0
| 108|0x000000070f600000, 0x000000070f600000, 0x000000070f800000|  0%| F|  |TAMS 0x000000070f600000| PB 0x000000070f600000| Untracked |  0
| 109|0x000000070f800000, 0x000000070f800000, 0x000000070fa00000|  0%| F|  |TAMS 0x000000070f800000| PB 0x000000070f800000| Untracked |  0
| 110|0x000000070fa00000, 0x000000070fa00000, 0x000000070fc00000|  0%| F|  |TAMS 0x000000070fa00000| PB 0x000000070fa00000| Untracked |  0
| 111|0x000000070fc00000, 0x000000070fc00000, 0x000000070fe00000|  0%| F|  |TAMS 0x000000070fc00000| PB 0x000000070fc00000| Untracked |  0
| 112|0x000000070fe00000, 0x000000070fe00000, 0x0000000710000000|  0%| F|  |TAMS 0x000000070fe00000| PB 0x000000070fe00000| Untracked |  0
| 113|0x0000000710000000, 0x0000000710000000, 0x0000000710200000|  0%| F|  |TAMS 0x0000000710000000| PB 0x0000000710000000| Untracked |  0
| 114|0x0000000710200000, 0x0000000710200000, 0x0000000710400000|  0%| F|  |TAMS 0x0000000710200000| PB 0x0000000710200000| Untracked |  0
| 115|0x0000000710400000, 0x0000000710400000, 0x0000000710600000|  0%| F|  |TAMS 0x0000000710400000| PB 0x0000000710400000| Untracked |  0
| 116|0x0000000710600000, 0x0000000710600000, 0x0000000710800000|  0%| F|  |TAMS 0x0000000710600000| PB 0x0000000710600000| Untracked |  0
| 117|0x0000000710800000, 0x0000000710800000, 0x0000000710a00000|  0%| F|  |TAMS 0x0000000710800000| PB 0x0000000710800000| Untracked |  0
| 118|0x0000000710a00000, 0x0000000710a00000, 0x0000000710c00000|  0%| F|  |TAMS 0x0000000710a00000| PB 0x0000000710a00000| Untracked |  0
| 119|0x0000000710c00000, 0x0000000710c00000, 0x0000000710e00000|  0%| F|  |TAMS 0x0000000710c00000| PB 0x0000000710c00000| Untracked |  0
| 120|0x0000000710e00000, 0x0000000710e7aee0, 0x0000000711000000| 24%| E|  |TAMS 0x0000000710e00000| PB 0x0000000710e00000| Complete |  0
| 121|0x0000000711000000, 0x0000000711200000, 0x0000000711200000|100%| E|CS|TAMS 0x0000000711000000| PB 0x0000000711000000| Complete |  0
| 122|0x0000000711200000, 0x0000000711400000, 0x0000000711400000|100%| E|CS|TAMS 0x0000000711200000| PB 0x0000000711200000| Complete |  0
| 123|0x0000000711400000, 0x0000000711600000, 0x0000000711600000|100%| E|CS|TAMS 0x0000000711400000| PB 0x0000000711400000| Complete |  0
| 124|0x0000000711600000, 0x0000000711800000, 0x0000000711800000|100%| E|CS|TAMS 0x0000000711600000| PB 0x0000000711600000| Complete |  0
| 125|0x0000000711800000, 0x0000000711a00000, 0x0000000711a00000|100%| E|CS|TAMS 0x0000000711800000| PB 0x0000000711800000| Complete |  0
| 126|0x0000000711a00000, 0x0000000711c00000, 0x0000000711c00000|100%| E|CS|TAMS 0x0000000711a00000| PB 0x0000000711a00000| Complete |  0
| 127|0x0000000711c00000, 0x0000000711e00000, 0x0000000711e00000|100%| E|CS|TAMS 0x0000000711c00000| PB 0x0000000711c00000| Complete |  0

Card table byte_map: [0x00000147d9670000,0x00000147d9e70000] _byte_map_base: 0x00000147d5e61000

Marking Bits: (CMBitMap*) 0x00000147bf940dd0
 Bits: [0x00000147d9e70000, 0x00000147dddf8000)

Polling page: 0x00000147bf9a0000

Metaspace:

Usage:
  Non-class:      7.89 MB used.
      Class:      1.05 MB used.
       Both:      8.95 MB used.

Virtual space:
  Non-class space:       64.00 MB reserved,       8.00 MB ( 12%) committed,  1 nodes.
      Class space:        1.00 GB reserved,       1.19 MB ( <1%) committed,  1 nodes.
             Both:        1.06 GB reserved,       9.19 MB ( <1%) committed. 

Chunk freelists:
   Non-Class:  8.04 MB
       Class:  14.73 MB
        Both:  22.77 MB

MaxMetaspaceSize: unlimited
CompressedClassSpaceSize: 1.00 GB
Initial GC threshold: 21.00 MB
Current GC threshold: 21.00 MB
CDS: on
 - commit_granule_bytes: 65536.
 - commit_granule_words: 8192.
 - virtual_space_node_default_size: 8388608.
 - enlarge_chunks_in_place: 1.
 - use_allocation_guard: 0.


Internal statistics:

num_allocs_failed_limit: 0.
num_arena_births: 152.
num_arena_deaths: 0.
num_vsnodes_births: 2.
num_vsnodes_deaths: 0.
num_space_committed: 147.
num_space_uncommitted: 0.
num_chunks_returned_to_freelist: 0.
num_chunks_taken_from_freelist: 194.
num_chunk_merges: 0.
num_chunk_splits: 113.
num_chunks_enlarged: 42.
num_inconsistent_stats: 0.

CodeHeap 'non-profiled nmethods': size=120000Kb used=320Kb max_used=320Kb free=119679Kb
 bounds [0x00000147d0ed0000, 0x00000147d1140000, 0x00000147d8400000]
CodeHeap 'profiled nmethods': size=120000Kb used=1765Kb max_used=1765Kb free=118234Kb
 bounds [0x00000147c9400000, 0x00000147c9670000, 0x00000147d0930000]
CodeHeap 'non-nmethods': size=5760Kb used=1582Kb max_used=1601Kb free=4177Kb
 bounds [0x00000147d0930000, 0x00000147d0ba0000, 0x00000147d0ed0000]
 total_blobs=1795 nmethods=1152 adapters=548
 compilation: enabled
              stopped_count=0, restarted_count=0
 full_count=0

Compilation events (20 events):
Event: 3.447 Thread 0x00000147e08f22c0 1146   !   3       sun.awt.PostEventQueue::postEvent (81 bytes)
Event: 3.448 Thread 0x00000147e08f22c0 nmethod 1146 0x00000147c95b4490 code [0x00000147c95b4720, 0x00000147c95b5358]
Event: 3.448 Thread 0x00000147e08f22c0 1147       3       sun.awt.SunToolkit::wakeupEventQueue (11 bytes)
Event: 3.448 Thread 0x00000147e08f22c0 nmethod 1147 0x00000147c95b5890 code [0x00000147c95b5ac0, 0x00000147c95b60b8]
Event: 3.448 Thread 0x00000147e08f22c0 1148       3       java.awt.EventQueue$2::wakeup (6 bytes)
Event: 3.449 Thread 0x00000147e08f22c0 nmethod 1148 0x00000147c95b6410 code [0x00000147c95b65c0, 0x00000147c95b6708]
Event: 3.449 Thread 0x00000147e08f22c0 1149   !   3       java.awt.EventQueue::wakeup (79 bytes)
Event: 3.449 Thread 0x00000147e08f22c0 nmethod 1149 0x00000147c95b6810 code [0x00000147c95b6a60, 0x00000147c95b7280]
Event: 3.450 Thread 0x00000147e08f16e0 nmethod 1144 0x00000147d0f1f510 code [0x00000147d0f1f6c0, 0x00000147d0f1f950]
Event: 3.450 Thread 0x00000147e08f16e0 1145       4       java.util.concurrent.locks.ReentrantLock::lock (8 bytes)
Event: 3.452 Thread 0x00000147e08f16e0 nmethod 1145 0x00000147d0f1fb10 code [0x00000147d0f1fcc0, 0x00000147d0f1ff90]
Event: 3.503 Thread 0x00000147e08f22c0 1150   !   3       java.awt.Container::dispatchEventImpl (129 bytes)
Event: 3.503 Thread 0x00000147e08f22c0 nmethod 1150 0x00000147c95b7690 code [0x00000147c95b78e0, 0x00000147c95b81f8]
Event: 3.748 Thread 0x00000147e08f22c0 1151       3       java.awt.Component::getForeground (29 bytes)
Event: 3.748 Thread 0x00000147e08f22c0 nmethod 1151 0x00000147c95b8510 code [0x00000147c95b86e0, 0x00000147c95b8ad0]
Event: 3.748 Thread 0x00000147e08f22c0 1152       3       java.util.IdentityHashMap$IdentityHashMapIterator::nextIndex (72 bytes)
Event: 3.748 Thread 0x00000147e08f22c0 nmethod 1152 0x00000147c95b8c10 code [0x00000147c95b8de0, 0x00000147c95b9160]
Event: 4.529 Thread 0x00000147e08f22c0 1153       3       java.awt.event.ComponentEvent::<init> (7 bytes)
Event: 4.529 Thread 0x00000147e08f22c0 nmethod 1153 0x00000147c95b9290 code [0x00000147c95b9440, 0x00000147c95b9578]
Event: 929.451 Thread 0x00000147e08f16e0 1154       4       java.util.Arrays::binarySearch0 (95 bytes)

GC Heap History (0 events):
No events

Dll operation events (10 events):
Event: 0.010 Loaded shared library C:\Program Files\Java\jdk-22\bin\java.dll
Event: 0.155 Loaded shared library C:\Program Files\Java\jdk-22\bin\jsvml.dll
Event: 0.186 Loaded shared library C:\Program Files\Java\jdk-22\bin\net.dll
Event: 0.189 Loaded shared library C:\Program Files\Java\jdk-22\bin\nio.dll
Event: 0.212 Loaded shared library C:\Program Files\Java\jdk-22\bin\zip.dll
Event: 0.226 Loaded shared library C:\Program Files\Java\jdk-22\bin\jimage.dll
Event: 0.239 Loaded shared library C:\Program Files\Java\jdk-22\bin\awt.dll
Event: 0.469 Loaded shared library C:\Program Files\Java\jdk-22\bin\javajpeg.dll
Event: 0.511 Loaded shared library C:\Program Files\Java\jdk-22\bin\freetype.dll
Event: 0.512 Loaded shared library C:\Program Files\Java\jdk-22\bin\fontmanager.dll

Deoptimization events (8 events):
Event: 0.321 Thread 0x00000147bf5dd2c0 Uncommon trap: trap_request=0xffffff45 fr.pc=0x00000147d0ee0d3c relative=0x0000000000000a7c
Event: 0.321 Thread 0x00000147bf5dd2c0 Uncommon trap: reason=unstable_if action=reinterpret pc=0x00000147d0ee0d3c method=java.util.HashMap.putVal(ILjava/lang/Object;Ljava/lang/Object;ZZ)Ljava/lang/Object; @ 236 c2
Event: 0.321 Thread 0x00000147bf5dd2c0 DEOPT PACKING pc=0x00000147d0ee0d3c sp=0x00000044e4efdb10
Event: 0.321 Thread 0x00000147bf5dd2c0 DEOPT UNPACKING pc=0x00000147d09846a2 sp=0x00000044e4efdac8 mode 2
Event: 0.518 Thread 0x00000147bf5dd2c0 Uncommon trap: trap_request=0xffffff45 fr.pc=0x00000147d0f05eb4 relative=0x0000000000000214
Event: 0.518 Thread 0x00000147bf5dd2c0 Uncommon trap: reason=unstable_if action=reinterpret pc=0x00000147d0f05eb4 method=java.lang.StringUTF16.compress([CI[BII)I @ 20 c2
Event: 0.518 Thread 0x00000147bf5dd2c0 DEOPT PACKING pc=0x00000147d0f05eb4 sp=0x00000044e4efd8d0
Event: 0.518 Thread 0x00000147bf5dd2c0 DEOPT UNPACKING pc=0x00000147d09846a2 sp=0x00000044e4efd840 mode 2

Classes loaded (20 events):
Event: 1.193 Loading class java/awt/Container$EventTargetFilter done
Event: 1.193 Loading class java/awt/Container$MouseEventTargetFilter done
Event: 1.193 Loading class java/awt/LightweightDispatcher$1
Event: 1.193 Loading class java/awt/LightweightDispatcher$1 done
Event: 1.193 Loading class java/awt/event/MouseWheelEvent
Event: 1.193 Loading class java/awt/event/MouseWheelEvent done
Event: 1.194 Loading class javax/swing/Timer$1
Event: 1.194 Loading class javax/swing/Timer$1 done
Event: 3.141 Loading class java/awt/LightweightDispatcher$2
Event: 3.141 Loading class java/awt/LightweightDispatcher$2 done
Event: 4.528 Loading class java/awt/KeyboardFocusManager$2
Event: 4.528 Loading class java/awt/KeyboardFocusManager$2 done
Event: 4.528 Loading class sun/awt/SunToolkit$1
Event: 4.529 Loading class sun/awt/SunToolkit$1 done
Event: 929.447 Loading class java/util/WeakHashMap$KeyIterator
Event: 929.448 Loading class java/util/WeakHashMap$HashIterator
Event: 929.448 Loading class java/util/WeakHashMap$HashIterator done
Event: 929.448 Loading class java/util/WeakHashMap$KeyIterator done
Event: 929.448 Loading class javax/swing/RepaintManager$DisplayChangedRunnable
Event: 929.448 Loading class javax/swing/RepaintManager$DisplayChangedRunnable done

Classes unloaded (0 events):
No events

Classes redefined (0 events):
No events

Internal exceptions (15 events):
Event: 0.190 Thread 0x00000147bf5dd2c0 Exception <a 'sun/nio/fs/WindowsException'{0x0000000711a2d5a0}> (0x0000000711a2d5a0) 
thrown [s\open\src\hotspot\share\prims\jni.cpp, line 520]
Event: 0.191 Thread 0x00000147bf5dd2c0 Exception <a 'sun/nio/fs/WindowsException'{0x0000000711a2fb40}> (0x0000000711a2fb40) 
thrown [s\open\src\hotspot\share\prims\jni.cpp, line 520]
Event: 0.191 Thread 0x00000147bf5dd2c0 Exception <a 'sun/nio/fs/WindowsException'{0x0000000711a30658}> (0x0000000711a30658) 
thrown [s\open\src\hotspot\share\prims\jni.cpp, line 520]
Event: 0.231 Thread 0x00000147bf5dd2c0 Exception <a 'java/lang/ClassNotFoundException'{0x0000000711b71028}: sun/awt/resources/spi/awtProvider> (0x0000000711b71028) 
thrown [s\open\src\hotspot\share\classfile\systemDictionary.cpp, line 313]
Event: 0.247 Thread 0x00000147bf5dd2c0 Exception <a 'java/io/FileNotFoundException'{0x0000000711bc4d60}> (0x0000000711bc4d60) 
thrown [s\open\src\hotspot\share\prims\jni.cpp, line 520]
Event: 0.253 Thread 0x00000147bf5dd2c0 Exception <a 'java/io/FileNotFoundException'{0x0000000711bf31a0}> (0x0000000711bf31a0) 
thrown [s\open\src\hotspot\share\prims\jni.cpp, line 520]
Event: 0.323 Thread 0x00000147bf5dd2c0 Exception <a 'java/lang/NoSuchMethodError'{0x0000000711981d58}: 'void java.lang.invoke.DirectMethodHandle$Holder.invokeSpecial(java.lang.Object, java.lang.Object, java.lang.Object)'> (0x0000000711981d58) 
thrown [s\open\src\hotspot\share\interpreter\linkResolver.cpp, line 774]
Event: 0.329 Thread 0x00000147bf5dd2c0 Exception <a 'java/lang/NoSuchMethodError'{0x00000007119a8068}: 'java.lang.Object java.lang.invoke.DirectMethodHandle$Holder.newInvokeSpecial(java.lang.Object, java.lang.Object, java.lang.Object, java.lang.Object, java.lang.Object)'> (0x00000007119a8068) 
thrown [s\open\src\hotspot\share\interpreter\linkResolver.cpp, line 774]
Event: 0.333 Thread 0x00000147bf5dd2c0 Exception <a 'java/lang/NoSuchMethodError'{0x00000007119d4980}: 'java.lang.Object java.lang.invoke.DirectMethodHandle$Holder.invokeStatic(java.lang.Object, int, java.lang.Object)'> (0x00000007119d4980) 
thrown [s\open\src\hotspot\share\interpreter\linkResolver.cpp, line 774]
Event: 0.349 Thread 0x00000147bf5dd2c0 Exception <a 'java/lang/ClassNotFoundException'{0x0000000711676b78}: com/sun/swing/internal/plaf/metal/resources/spi/metalProvider> (0x0000000711676b78) 
thrown [s\open\src\hotspot\share\classfile\systemDictionary.cpp, line 313]
Event: 0.350 Thread 0x00000147bf5dd2c0 Exception <a 'java/lang/ClassNotFoundException'{0x000000071167ab28}: com/sun/swing/internal/plaf/basic/resources/spi/basicProvider> (0x000000071167ab28) 
thrown [s\open\src\hotspot\share\classfile\systemDictionary.cpp, line 313]
Event: 0.357 Thread 0x00000147bf5dd2c0 Exception <a 'java/lang/NoSuchMethodError'{0x000000071169a428}: 'int java.lang.invoke.Invokers$Holder.invokeExact_MT(java.lang.Object, java.lang.Object)'> (0x000000071169a428) 
thrown [s\open\src\hotspot\share\interpreter\linkResolver.cpp, line 774]
Event: 0.471 Thread 0x000001482724d5c0 Exception <a 'java/lang/NoSuchMethodError'{0x000000071159abb8}: 'java.lang.Object java.lang.invoke.DirectMethodHandle$Holder.newInvokeSpecial(java.lang.Object, java.lang.Object, java.lang.Object, int, int, int, int, int)'> (0x000000071159abb8) 
thrown [s\open\src\hotspot\share\interpreter\linkResolver.cpp, line 774]
Event: 0.508 Thread 0x00000147bf5dd2c0 Exception <a 'java/lang/NoSuchMethodError'{0x000000071179b5d0}: 'void java.lang.invoke.DirectMethodHandle$Holder.invokeStaticInit(java.lang.Object)'> (0x000000071179b5d0) 
thrown [s\open\src\hotspot\share\interpreter\linkResolver.cpp, line 774]
Event: 0.585 Thread 0x00000147e0da5000 Exception <a 'java/lang/NoSuchMethodError'{0x0000000711904b10}: 'void java.lang.invoke.DirectMethodHandle$Holder.invokeVirtual(java.lang.Object, java.lang.Object)'> (0x0000000711904b10) 
thrown [s\open\src\hotspot\share\interpreter\linkResolver.cpp, line 774]

ZGC Phase Switch (0 events):
No events

VM Operations (18 events):
Event: 0.192 Executing VM operation: HandshakeAllThreads (Deoptimize)
Event: 0.192 Executing VM operation: HandshakeAllThreads (Deoptimize) done
Event: 0.373 Executing VM operation: HandshakeAllThreads (Deoptimize)
Event: 0.373 Executing VM operation: HandshakeAllThreads (Deoptimize) done
Event: 0.459 Executing VM operation: HandshakeAllThreads (Deoptimize)
Event: 0.459 Executing VM operation: HandshakeAllThreads (Deoptimize) done
Event: 1.473 Executing VM operation: Cleanup
Event: 1.473 Executing VM operation: Cleanup done
Event: 2.480 Executing VM operation: Cleanup
Event: 2.480 Executing VM operation: Cleanup done
Event: 3.482 Executing VM operation: Cleanup
Event: 3.482 Executing VM operation: Cleanup done
Event: 5.507 Executing VM operation: Cleanup
Event: 5.507 Executing VM operation: Cleanup done
Event: 60.262 Executing VM operation: HandshakeAllThreads (HandshakeForDeflation)
Event: 60.262 Executing VM operation: HandshakeAllThreads (HandshakeForDeflation) done
Event: 60.262 Executing VM operation: RendezvousGCThreads
Event: 60.262 Executing VM operation: RendezvousGCThreads done

Memory protections (0 events):
No events

Nmethod flushes (0 events):
No events

Events (20 events):
Event: 0.153 Thread 0x00000147bf5dd2c0 Thread added: 0x00000147e08d5640
Event: 0.153 Thread 0x00000147bf5dd2c0 Thread added: 0x00000147e08dccd0
Event: 0.153 Thread 0x00000147bf5dd2c0 Thread added: 0x00000147e08dfbd0
Event: 0.153 Thread 0x00000147bf5dd2c0 Thread added: 0x00000147e08e8640
Event: 0.154 Thread 0x00000147bf5dd2c0 Thread added: 0x00000147e08eb1e0
Event: 0.154 Thread 0x00000147bf5dd2c0 Thread added: 0x00000147e08f16e0
Event: 0.154 Thread 0x00000147bf5dd2c0 Thread added: 0x00000147e08f22c0
Event: 0.175 Thread 0x00000147bf5dd2c0 Thread added: 0x00000147e08a0e90
Event: 0.200 Thread 0x00000147e08f22c0 Thread added: 0x00000147e0c43610
Event: 0.203 Thread 0x00000147bf5dd2c0 Thread added: 0x00000147e0c880f0
Event: 0.295 Thread 0x00000147bf5dd2c0 Thread added: 0x00000147e0dd3750
Event: 0.296 Thread 0x00000147bf5dd2c0 Thread added: 0x00000147e0dd3dc0
Event: 0.297 Thread 0x00000147bf5dd2c0 Thread added: 0x00000147e0da5000
Event: 0.393 Thread 0x00000147bf5dd2c0 Thread added: 0x0000014827203ef0
Event: 0.413 Thread 0x00000147bf5dd2c0 Thread added: 0x000001482724d5c0
Event: 0.595 Thread 0x00000147bf5dd2c0 Thread exited: 0x00000147bf5dd2c0
Event: 0.595 Thread 0x00000147bf5dd2c0 Thread added: 0x00000147bf5dd2c0
Event: 0.633 Thread 0x00000147e0c43610 Thread exited: 0x00000147e0c43610
Event: 0.680 Thread 0x0000014827203ef0 Thread added: 0x0000014827505190
Event: 5.492 Thread 0x000001482724d5c0 Thread exited: 0x000001482724d5c0


Dynamic libraries:
0x00007ff725160000 - 0x00007ff725170000 	C:\Program Files\Java\jdk-22\bin\java.exe
0x00007ffc6af50000 - 0x00007ffc6b167000 	C:\WINDOWS\SYSTEM32\ntdll.dll
0x00007ffc693a0000 - 0x00007ffc69464000 	C:\WINDOWS\System32\KERNEL32.DLL
0x00007ffc68830000 - 0x00007ffc68bdd000 	C:\WINDOWS\System32\KERNELBASE.dll
0x00007ffc684d0000 - 0x00007ffc685e1000 	C:\WINDOWS\System32\ucrtbase.dll
0x00007ffc65230000 - 0x00007ffc6524b000 	C:\Program Files\Java\jdk-22\bin\VCRUNTIME140.dll
0x00007ffc16110000 - 0x00007ffc16127000 	C:\Program Files\Java\jdk-22\bin\jli.dll
0x00007ffc69160000 - 0x00007ffc6930e000 	C:\WINDOWS\System32\USER32.dll
0x00007ffc51a60000 - 0x00007ffc51cf3000 	C:\WINDOWS\WinSxS\amd64_microsoft.windows.common-controls_6595b64144ccf1df_6.0.22621.3672_none_2713b9d173822955\COMCTL32.dll
0x00007ffc685f0000 - 0x00007ffc68616000 	C:\WINDOWS\System32\win32u.dll
0x00007ffc6ae60000 - 0x00007ffc6af07000 	C:\WINDOWS\System32\msvcrt.dll
0x00007ffc69490000 - 0x00007ffc694b9000 	C:\WINDOWS\System32\GDI32.dll
0x00007ffc68270000 - 0x00007ffc68389000 	C:\WINDOWS\System32\gdi32full.dll
0x00007ffc68620000 - 0x00007ffc686ba000 	C:\WINDOWS\System32\msvcp_win.dll
0x00007ffc6a9a0000 - 0x00007ffc6a9d1000 	C:\WINDOWS\System32\IMM32.DLL
0x00007ffc65220000 - 0x00007ffc6522c000 	C:\Program Files\Java\jdk-22\bin\vcruntime140_1.dll
0x00007ffb99d60000 - 0x00007ffb99dee000 	C:\Program Files\Java\jdk-22\bin\msvcp140.dll
0x00007ffb95ee0000 - 0x00007ffb96c29000 	C:\Program Files\Java\jdk-22\bin\server\jvm.dll
0x00007ffc69f30000 - 0x00007ffc69fe2000 	C:\WINDOWS\System32\ADVAPI32.dll
0x00007ffc68e30000 - 0x00007ffc68ed9000 	C:\WINDOWS\System32\sechost.dll
0x00007ffc68be0000 - 0x00007ffc68c08000 	C:\WINDOWS\System32\bcrypt.dll
0x00007ffc69590000 - 0x00007ffc696a4000 	C:\WINDOWS\System32\RPCRT4.dll
0x00007ffc6a7b0000 - 0x00007ffc6a821000 	C:\WINDOWS\System32\WS2_32.dll
0x00007ffc67100000 - 0x00007ffc6714d000 	C:\WINDOWS\SYSTEM32\POWRPROF.dll
0x00007ffc5c640000 - 0x00007ffc5c674000 	C:\WINDOWS\SYSTEM32\WINMM.dll
0x00007ffc56160000 - 0x00007ffc5616a000 	C:\WINDOWS\SYSTEM32\VERSION.dll
0x00007ffc670e0000 - 0x00007ffc670f3000 	C:\WINDOWS\SYSTEM32\UMPDC.dll
0x00007ffc67390000 - 0x00007ffc673a8000 	C:\WINDOWS\SYSTEM32\kernel.appcore.dll
0x00007ffc65210000 - 0x00007ffc6521a000 	C:\Program Files\Java\jdk-22\bin\jimage.dll
0x00007ffc60450000 - 0x00007ffc60682000 	C:\WINDOWS\SYSTEM32\DBGHELP.DLL
0x00007ffc6a210000 - 0x00007ffc6a59d000 	C:\WINDOWS\System32\combase.dll
0x00007ffc68f60000 - 0x00007ffc69037000 	C:\WINDOWS\System32\OLEAUT32.dll
0x00007ffc44630000 - 0x00007ffc44662000 	C:\WINDOWS\SYSTEM32\dbgcore.DLL
0x00007ffc68390000 - 0x00007ffc6840b000 	C:\WINDOWS\System32\bcryptPrimitives.dll
0x00007ffbc5d00000 - 0x00007ffbc5d1e000 	C:\Program Files\Java\jdk-22\bin\java.dll
0x00007ffc696b0000 - 0x00007ffc69f18000 	C:\WINDOWS\System32\SHELL32.dll
0x00007ffc6a600000 - 0x00007ffc6a7a5000 	C:\WINDOWS\System32\ole32.dll
0x00007ffc661d0000 - 0x00007ffc66ace000 	C:\WINDOWS\SYSTEM32\windows.storage.dll
0x00007ffc66090000 - 0x00007ffc661cf000 	C:\WINDOWS\SYSTEM32\wintypes.dll
0x00007ffc69060000 - 0x00007ffc69159000 	C:\WINDOWS\System32\SHCORE.dll
0x00007ffc6a5a0000 - 0x00007ffc6a5fe000 	C:\WINDOWS\System32\shlwapi.dll
0x00007ffc681a0000 - 0x00007ffc681c1000 	C:\WINDOWS\SYSTEM32\profapi.dll
0x00007ffb99fb0000 - 0x00007ffb9a087000 	C:\Program Files\Java\jdk-22\bin\jsvml.dll
0x00007ffc23770000 - 0x00007ffc23780000 	C:\Program Files\Java\jdk-22\bin\net.dll
0x00007ffc67800000 - 0x00007ffc67869000 	C:\WINDOWS\system32\mswsock.dll
0x00007ffb9a950000 - 0x00007ffb9a966000 	C:\Program Files\Java\jdk-22\bin\nio.dll
0x00007ffb99f90000 - 0x00007ffb99fa7000 	C:\Program Files\Java\jdk-22\bin\zip.dll
0x00007ffb99860000 - 0x00007ffb999ee000 	C:\Program Files\Java\jdk-22\bin\awt.dll
0x00007ffc65570000 - 0x00007ffc65607000 	C:\WINDOWS\SYSTEM32\apphelp.dll
0x00007ffc65b20000 - 0x00007ffc65b4b000 	C:\WINDOWS\system32\DWMAPI.DLL
0x00007ffc657f0000 - 0x00007ffc658a0000 	C:\WINDOWS\system32\uxtheme.dll
0x00007ffc2ee00000 - 0x00007ffc2ef00000 	C:\WINDOWS\system32\opengl32.dll
0x00007ffc2ff10000 - 0x00007ffc2ff3d000 	C:\WINDOWS\SYSTEM32\GLU32.dll
0x00007ffc658d0000 - 0x00007ffc65907000 	C:\WINDOWS\SYSTEM32\dxcore.dll
0x00007ffc6a840000 - 0x00007ffc6a99b000 	C:\WINDOWS\System32\MSCTF.dll
0x00007ffc50aa0000 - 0x00007ffc50ace000 	C:\Program Files\Java\jdk-22\bin\javajpeg.dll
0x00007ffb996b0000 - 0x00007ffb99737000 	C:\Program Files\Java\jdk-22\bin\freetype.dll
0x00007ffb995d0000 - 0x00007ffb996a7000 	C:\Program Files\Java\jdk-22\bin\fontmanager.dll
0x00007ffc694e0000 - 0x00007ffc69590000 	C:\WINDOWS\System32\clbcatq.dll
0x00007ffc65630000 - 0x00007ffc657e1000 	C:\WINDOWS\SYSTEM32\WindowsCodecs.dll
0x00007ffc2bd80000 - 0x00007ffc2bdde000 	C:\WINDOWS\system32\dataexchange.dll
0x00007ffc5c290000 - 0x00007ffc5c51a000 	C:\WINDOWS\system32\twinapi.appcore.dll
0x00007ffc523a0000 - 0x00007ffc524ee000 	C:\WINDOWS\SYSTEM32\textinputframework.dll
0x00007ffc65280000 - 0x00007ffc653b3000 	C:\WINDOWS\SYSTEM32\CoreMessaging.dll
0x00007ffc5ec40000 - 0x00007ffc5efad000 	C:\WINDOWS\SYSTEM32\CoreUIComponents.dll
0x00007ffc67a60000 - 0x00007ffc67a6c000 	C:\WINDOWS\SYSTEM32\CRYPTBASE.DLL

dbghelp: loaded successfully - version: 4.0.5 - missing functions: none
symbol engine: initialized successfully - sym options: 0x614 - pdb path: .;C:\Program Files\Java\jdk-22\bin;C:\WINDOWS\SYSTEM32;C:\WINDOWS\WinSxS\amd64_microsoft.windows.common-controls_6595b64144ccf1df_6.0.22621.3672_none_2713b9d173822955;C:\Program Files\Java\jdk-22\bin\server

VM Arguments:
jvm_args: -Dfile.encoding=UTF-8 --module-path=C:\Users\royal\Documents\NetBeansProjects\Hotel Management System\build\classes 
java_command: hotel.management.system.AddRooms
java_class_path (initial): C:\Users\royal\Downloads\mysql-connector-java-8.0.28.jar;C:\Users\royal\Documents\NetBeansProjects\Hotel Management System\build\classes
Launcher Type: SUN_STANDARD

[Global flags]
     intx CICompilerCount                          = 4                                         {product} {ergonomic}
     uint ConcGCThreads                            = 2                                         {product} {ergonomic}
     uint G1ConcRefinementThreads                  = 8                                         {product} {ergonomic}
   size_t G1HeapRegionSize                         = 2097152                                   {product} {ergonomic}
   size_t InitialHeapSize                          = 268435456                                 {product} {ergonomic}
   size_t MarkStackSize                            = 4194304                                   {product} {ergonomic}
   size_t MaxHeapSize                              = 4263510016                                {product} {ergonomic}
   size_t MaxNewSize                               = 2556428288                                {product} {ergonomic}
   size_t MinHeapDeltaBytes                        = 2097152                                   {product} {ergonomic}
   size_t MinHeapSize                              = 8388608                                   {product} {ergonomic}
    uintx NonNMethodCodeHeapSize                   = 5839372                                {pd product} {ergonomic}
    uintx NonProfiledCodeHeapSize                  = 122909434                              {pd product} {ergonomic}
    uintx ProfiledCodeHeapSize                     = 122909434                              {pd product} {ergonomic}
    uintx ReservedCodeCacheSize                    = 251658240                              {pd product} {ergonomic}
     bool SegmentedCodeCache                       = true                                      {product} {ergonomic}
   size_t SoftMaxHeapSize                          = 4263510016                             {manageable} {ergonomic}
     bool UseCompressedOops                        = true                           {product lp64_product} {ergonomic}
     bool UseG1GC                                  = true                                      {product} {ergonomic}
     bool UseLargePagesIndividualAllocation        = false                                  {pd product} {ergonomic}

Logging:
Log output configuration:
 #0: stdout all=warning uptime,level,tags foldmultilines=false
 #1: stderr all=off uptime,level,tags foldmultilines=false

Environment Variables:
JAVA_HOME=C:\Program Files\Amazon Corretto\jdk19.0.1_10
PATH=C:\Program Files\Amazon Corretto\jdk19.0.1_10\bin;C:\Program Files\Eclipse Adoptium\jdk-17.0.5.8-hotspot\bin;C:\Program Files\Common Files\Oracle\Java\javapath;C:\WINDOWS\system32;C:\WINDOWS;C:\WINDOWS\System32\Wbem;C:\WINDOWS\System32\WindowsPowerShell\v1.0\;C:\WINDOWS\System32\OpenSSH\;C:\MinGW\bin;C:\Program Files (x86)\Intel\Intel(R) Management Engine Components\DAL;C:\Program Files\Intel\Intel(R) Management Engine Components\DAL;C:\Program Files\MySQL\MySQL Server 8.0\bin\fido2.dll;C:\Program Files\dotnet\;C:\Program Files\Microsoft VS Code\bin;C:\Program Files\nodejs\;C:\Program Files\MySQL\MySQL Shell 8.0\bin\;C:\Users\royal\AppData\Local\Microsoft\WindowsApps;C:\Users\royal\AppData\Roaming\npm
USERNAME=royal
OS=Windows_NT
PROCESSOR_IDENTIFIER=Intel64 Family 6 Model 142 Stepping 11, GenuineIntel
TMP=C:\Users\royal\AppData\Local\Temp
TEMP=C:\Users\royal\AppData\Local\Temp




Periodic native trim disabled

---------------  S Y S T E M  ---------------

OS:
 Windows 11 , 64 bit Build 22621 (10.0.22621.3958)
OS uptime: 1 days 1:31 hours

CPU: total 8 (initial active 8) (4 cores per cpu, 2 threads per core) family 6 model 142 stepping 11 microcode 0xf4, cx8, cmov, fxsr, ht, mmx, 3dnowpref, sse, sse2, sse3, ssse3, sse4.1, sse4.2, popcnt, lzcnt, tsc, tscinvbit, avx, avx2, aes, erms, clmul, bmi1, bmi2, adx, fma, vzeroupper, clflush, clflushopt, rdtscp, f16c
Processor Information for all 8 processors :
  Max Mhz: 1992, Current Mhz: 1792, Mhz Limit: 1792

Memory: 4k page, system-wide physical 16259M (2688M free)
TotalPageFile size 44780M (AvailPageFile size 4M)
current process WorkingSet (physical memory assigned to process): 75M, peak: 76M
current process commit charge ("private bytes"): 356M, peak: 357M

vm_info: Java HotSpot(TM) 64-Bit Server VM (22.0.2+9-70) for windows-amd64 JRE (22.0.2+9-70), built on 2024-06-04T16:52:23Z by "mach5one" with MS VC++ 17.6 (VS2022)

END.
