#
# There is insufficient memory for the Java Runtime Environment to continue.
# Native memory allocation (mmap) failed to map 268435456 bytes. Error detail: G1 virtual space
# Possible reasons:
#   The system is out of physical RAM or swap space
#   This process is running with CompressedOops enabled, and the Java Heap may be blocking the growth of the native heap
# Possible solutions:
#   Reduce memory load on the system
#   Increase physical memory or swap space
#   Check if swap backing store is full
#   Decrease Java heap size (-Xmx/-Xms)
#   Decrease number of Java threads
#   Decrease Java thread stack sizes (-Xss)
#   Set larger code cache with -XX:ReservedCodeCacheSize=
#   JVM is running with Zero Based Compressed Oops mode in which the Java heap is
#     placed in the first 32GB address space. The Java Heap base address is the
#     maximum limit for the native heap growth. Please use -XX:HeapBaseMinAddress
#     to set the Java Heap base and to place the Java Heap above 32GB virtual address.
# This output file may be truncated or incomplete.
#
#  Out of Memory Error (os_windows.cpp:3631), pid=33172, tid=31860
#
# JRE version:  (22.0.2+9) (build )
# Java VM: Java HotSpot(TM) 64-Bit Server VM (22.0.2+9-70, mixed mode, sharing, tiered, compressed oops, compressed class ptrs, g1 gc, windows-amd64)
# No core dump will be written. Minidumps are not enabled by default on client versions of Windows
#

---------------  S U M M A R Y ------------

Command Line: -Dfile.encoding=UTF-8 --module-path=C:\Users\royal\Documents\NetBeansProjects\Hotel Management System\build\classes hotel.management.system.AddCustomer

Host: Intel(R) Core(TM) i7-8565U CPU @ 1.80GHz, 8 cores, 15G,  Windows 11 , 64 bit Build 22621 (10.0.22621.3958)
Time: Sun Sep  1 18:38:47 2024 India Standard Time elapsed time: 0.016051 seconds (0d 0h 0m 0s)

---------------  T H R E A D  ---------------

Current thread (0x000001cc026222b0):  JavaThread "Unknown thread" [_thread_in_vm, id=31860, stack(0x000000a4a4700000,0x000000a4a4800000) (1024K)]

Stack: [0x000000a4a4700000,0x000000a4a4800000]
Native frames: (J=compiled Java code, j=interpreted, Vv=VM code, C=native code)
V  [jvm.dll+0x6e26e9]  (no source info available)
V  [jvm.dll+0x875753]  (no source info available)
V  [jvm.dll+0x877b7e]  (no source info available)
V  [jvm.dll+0x878253]  (no source info available)
V  [jvm.dll+0x27fc86]  (no source info available)
V  [jvm.dll+0x6ded85]  (no source info available)
V  [jvm.dll+0x6d388a]  (no source info available)
V  [jvm.dll+0x358b8a]  (no source info available)
V  [jvm.dll+0x3610b6]  (no source info available)
V  [jvm.dll+0x3b419e]  (no source info available)
V  [jvm.dll+0x3b4448]  (no source info available)
V  [jvm.dll+0x32c5ec]  (no source info available)
V  [jvm.dll+0x32d258]  (no source info available)
V  [jvm.dll+0x83d5ac]  (no source info available)
V  [jvm.dll+0x3c10d1]  (no source info available)
V  [jvm.dll+0x8264cc]  (no source info available)
V  [jvm.dll+0x45bd5e]  (no source info available)
V  [jvm.dll+0x45dbe1]  (no source info available)
C  [jli.dll+0x52a3]  (no source info available)
C  [ucrtbase.dll+0x29333]  (no source info available)
C  [KERNEL32.DLL+0x1257d]  (no source info available)
C  [ntdll.dll+0x5af28]  (no source info available)


---------------  P R O C E S S  ---------------

Threads class SMR info:
_java_thread_list=0x00007ffb96acc1c8, length=0, elements={
}

Java Threads: ( => current thread )
Total: 0

Other Threads:
  0x000001cc027b2610 WorkerThread "GC Thread#0"                     [id=32536, stack(0x000000a4a4800000,0x000000a4a4900000) (1024K)]
  0x000001cc027c4330 ConcurrentGCThread "G1 Main Marker"            [id=14308, stack(0x000000a4a4900000,0x000000a4a4a00000) (1024K)]
  0x000001cc027c4f00 WorkerThread "G1 Conc#0"                       [id=28364, stack(0x000000a4a4a00000,0x000000a4a4b00000) (1024K)]

[error occurred during error reporting (printing all threads), id 0xc0000005, EXCEPTION_ACCESS_VIOLATION (0xc0000005) at pc=0x00007ffb9621f517]
VM state: not at safepoint (not fully initialized)

VM Mutex/Monitor currently owned by a thread:  ([mutex/lock_event])
[0x00007ffb96b4cc80] Heap_lock - owner thread: 0x000001cc026222b0

Heap address: 0x0000000701e00000, size: 4066 MB, Compressed Oops mode: Zero based, Oop shift amount: 3

CDS archive(s) mapped at: [0x0000000000000000-0x0000000000000000-0x0000000000000000), size 0, SharedBaseAddress: 0x0000000800000000, ArchiveRelocationMode: 1.
Narrow klass base: 0x0000000000000000, Narrow klass shift: 0, Narrow klass range: 0x0

GC Precious Log:
 CardTable entry size: 512
 Card Set container configuration: InlinePtr #cards 4 size 8 Array Of Cards #cards 16 size 48 Howl #buckets 8 coarsen threshold 3686 Howl Bitmap #cards 512 size 80 coarsen threshold 460 Card regions per heap region 1 cards per card region 4096

Heap:
 garbage-first heap   total reserved 4163584K, committed 0K, used 0K [0x0000000701e00000, 0x0000000800000000)
  region size 2048K, 0 young (0K), 0 survivors (0K)

[error occurred during error reporting (printing heap information), id 0xc0000005, EXCEPTION_ACCESS_VIOLATION (0xc0000005) at pc=0x00007ffb9661e869]
GC Heap History (0 events):
No events

Dll operation events (1 events):
Event: 0.011 Loaded shared library C:\Program Files\Java\jdk-22\bin\java.dll

Deoptimization events (0 events):
No events

Classes loaded (0 events):
No events

Classes unloaded (0 events):
No events

Classes redefined (0 events):
No events

Internal exceptions (0 events):
No events

ZGC Phase Switch (0 events):
No events

VM Operations (0 events):
No events

Memory protections (0 events):
No events

Nmethod flushes (0 events):
No events

Events (0 events):
No events


Dynamic libraries:
0x00007ff725160000 - 0x00007ff725170000 	C:\Program Files\Java\jdk-22\bin\java.exe
0x00007ffc6af50000 - 0x00007ffc6b167000 	C:\WINDOWS\SYSTEM32\ntdll.dll
0x00007ffc693a0000 - 0x00007ffc69464000 	C:\WINDOWS\System32\KERNEL32.DLL
0x00007ffc68830000 - 0x00007ffc68bdd000 	C:\WINDOWS\System32\KERNELBASE.dll
0x00007ffc684d0000 - 0x00007ffc685e1000 	C:\WINDOWS\System32\ucrtbase.dll
0x00007ffc65230000 - 0x00007ffc6524b000 	C:\Program Files\Java\jdk-22\bin\VCRUNTIME140.dll
0x00007ffc16110000 - 0x00007ffc16127000 	C:\Program Files\Java\jdk-22\bin\jli.dll
0x00007ffc69160000 - 0x00007ffc6930e000 	C:\WINDOWS\System32\USER32.dll
0x00007ffc51a60000 - 0x00007ffc51cf3000 	C:\WINDOWS\WinSxS\amd64_microsoft.windows.common-controls_6595b64144ccf1df_6.0.22621.3672_none_2713b9d173822955\COMCTL32.dll
0x00007ffc685f0000 - 0x00007ffc68616000 	C:\WINDOWS\System32\win32u.dll
0x00007ffc6ae60000 - 0x00007ffc6af07000 	C:\WINDOWS\System32\msvcrt.dll
0x00007ffc69490000 - 0x00007ffc694b9000 	C:\WINDOWS\System32\GDI32.dll
0x00007ffc68270000 - 0x00007ffc68389000 	C:\WINDOWS\System32\gdi32full.dll
0x00007ffc68620000 - 0x00007ffc686ba000 	C:\WINDOWS\System32\msvcp_win.dll
0x00007ffc6a9a0000 - 0x00007ffc6a9d1000 	C:\WINDOWS\System32\IMM32.DLL
0x00007ffc65220000 - 0x00007ffc6522c000 	C:\Program Files\Java\jdk-22\bin\vcruntime140_1.dll
0x00007ffb99d60000 - 0x00007ffb99dee000 	C:\Program Files\Java\jdk-22\bin\msvcp140.dll
0x00007ffb95ee0000 - 0x00007ffb96c29000 	C:\Program Files\Java\jdk-22\bin\server\jvm.dll
0x00007ffc69f30000 - 0x00007ffc69fe2000 	C:\WINDOWS\System32\ADVAPI32.dll
0x00007ffc68e30000 - 0x00007ffc68ed9000 	C:\WINDOWS\System32\sechost.dll
0x00007ffc68be0000 - 0x00007ffc68c08000 	C:\WINDOWS\System32\bcrypt.dll
0x00007ffc69590000 - 0x00007ffc696a4000 	C:\WINDOWS\System32\RPCRT4.dll
0x00007ffc6a7b0000 - 0x00007ffc6a821000 	C:\WINDOWS\System32\WS2_32.dll
0x00007ffc67100000 - 0x00007ffc6714d000 	C:\WINDOWS\SYSTEM32\POWRPROF.dll
0x00007ffc56160000 - 0x00007ffc5616a000 	C:\WINDOWS\SYSTEM32\VERSION.dll
0x00007ffc5c640000 - 0x00007ffc5c674000 	C:\WINDOWS\SYSTEM32\WINMM.dll
0x00007ffc670e0000 - 0x00007ffc670f3000 	C:\WINDOWS\SYSTEM32\UMPDC.dll
0x00007ffc67390000 - 0x00007ffc673a8000 	C:\WINDOWS\SYSTEM32\kernel.appcore.dll
0x00007ffc65210000 - 0x00007ffc6521a000 	C:\Program Files\Java\jdk-22\bin\jimage.dll
0x00007ffc60450000 - 0x00007ffc60682000 	C:\WINDOWS\SYSTEM32\DBGHELP.DLL
0x00007ffc6a210000 - 0x00007ffc6a59d000 	C:\WINDOWS\System32\combase.dll
0x00007ffc68f60000 - 0x00007ffc69037000 	C:\WINDOWS\System32\OLEAUT32.dll
0x00007ffc44630000 - 0x00007ffc44662000 	C:\WINDOWS\SYSTEM32\dbgcore.DLL
0x00007ffc68390000 - 0x00007ffc6840b000 	C:\WINDOWS\System32\bcryptPrimitives.dll
0x00007ffbc5d00000 - 0x00007ffbc5d1e000 	C:\Program Files\Java\jdk-22\bin\java.dll
0x00007ffc696b0000 - 0x00007ffc69f18000 	C:\WINDOWS\System32\SHELL32.dll
0x00007ffc6a600000 - 0x00007ffc6a7a5000 	C:\WINDOWS\System32\ole32.dll

dbghelp: loaded successfully - version: 4.0.5 - missing functions: none
symbol engine: initialized successfully - sym options: 0x614 - pdb path: .;C:\Program Files\Java\jdk-22\bin;C:\WINDOWS\SYSTEM32;C:\WINDOWS\WinSxS\amd64_microsoft.windows.common-controls_6595b64144ccf1df_6.0.22621.3672_none_2713b9d173822955;C:\Program Files\Java\jdk-22\bin\server

VM Arguments:
jvm_args: -Dfile.encoding=UTF-8 --module-path=C:\Users\royal\Documents\NetBeansProjects\Hotel Management System\build\classes 
java_command: hotel.management.system.AddCustomer
java_class_path (initial): C:\Users\royal\Downloads\mysql-connector-java-8.0.28.jar;C:\Users\royal\Documents\NetBeansProjects\Hotel Management System\build\classes
Launcher Type: SUN_STANDARD

[Global flags]
     intx CICompilerCount                          = 4                                         {product} {ergonomic}
     uint ConcGCThreads                            = 2                                         {product} {ergonomic}
     uint G1ConcRefinementThreads                  = 8                                         {product} {ergonomic}
   size_t G1HeapRegionSize                         = 2097152                                   {product} {ergonomic}
   size_t InitialHeapSize                          = 268435456                                 {product} {ergonomic}
   size_t MarkStackSize                            = 4194304                                   {product} {ergonomic}
   size_t MaxHeapSize                              = 4263510016                                {product} {ergonomic}
   size_t MinHeapDeltaBytes                        = 2097152                                   {product} {ergonomic}
   size_t MinHeapSize                              = 8388608                                   {product} {ergonomic}
    uintx NonNMethodCodeHeapSize                   = 5839372                                {pd product} {ergonomic}
    uintx NonProfiledCodeHeapSize                  = 122909434                              {pd product} {ergonomic}
    uintx ProfiledCodeHeapSize                     = 122909434                              {pd product} {ergonomic}
    uintx ReservedCodeCacheSize                    = 251658240                              {pd product} {ergonomic}
     bool SegmentedCodeCache                       = true                                      {product} {ergonomic}
   size_t SoftMaxHeapSize                          = 4263510016                             {manageable} {ergonomic}
     bool UseCompressedOops                        = true                           {product lp64_product} {ergonomic}
     bool UseG1GC                                  = true                                      {product} {ergonomic}
     bool UseLargePagesIndividualAllocation        = false                                  {pd product} {ergonomic}

Logging:
Log output configuration:
 #0: stdout all=warning uptime,level,tags foldmultilines=false
 #1: stderr all=off uptime,level,tags foldmultilines=false

Environment Variables:
JAVA_HOME=C:\Program Files\Amazon Corretto\jdk19.0.1_10
PATH=C:\Program Files\Amazon Corretto\jdk19.0.1_10\bin;C:\Program Files\Eclipse Adoptium\jdk-17.0.5.8-hotspot\bin;C:\Program Files\Common Files\Oracle\Java\javapath;C:\WINDOWS\system32;C:\WINDOWS;C:\WINDOWS\System32\Wbem;C:\WINDOWS\System32\WindowsPowerShell\v1.0\;C:\WINDOWS\System32\OpenSSH\;C:\MinGW\bin;C:\Program Files (x86)\Intel\Intel(R) Management Engine Components\DAL;C:\Program Files\Intel\Intel(R) Management Engine Components\DAL;C:\Program Files\MySQL\MySQL Server 8.0\bin\fido2.dll;C:\Program Files\dotnet\;C:\Program Files\Microsoft VS Code\bin;C:\Program Files\nodejs\;C:\Program Files\MySQL\MySQL Shell 8.0\bin\;C:\Users\royal\AppData\Local\Microsoft\WindowsApps;C:\Users\royal\AppData\Roaming\npm
USERNAME=royal
OS=Windows_NT
PROCESSOR_IDENTIFIER=Intel64 Family 6 Model 142 Stepping 11, GenuineIntel
TMP=C:\Users\royal\AppData\Local\Temp
TEMP=C:\Users\royal\AppData\Local\Temp




Periodic native trim disabled

---------------  S Y S T E M  ---------------

OS:
 Windows 11 , 64 bit Build 22621 (10.0.22621.3958)
OS uptime: 1 days 3:43 hours

CPU: total 8 (initial active 8) (4 cores per cpu, 2 threads per core) family 6 model 142 stepping 11 microcode 0xf4, cx8, cmov, fxsr, ht, mmx, 3dnowpref, sse, sse2, sse3, ssse3, sse4.1, sse4.2, popcnt, lzcnt, tsc, tscinvbit, avx, avx2, aes, erms, clmul, bmi1, bmi2, adx, fma, vzeroupper, clflush, clflushopt, rdtscp, f16c
Processor Information for processor 0
  Max Mhz: 1992, Current Mhz: 1494, Mhz Limit: 1792
Processor Information for processor 1
  Max Mhz: 1992, Current Mhz: 1792, Mhz Limit: 1792
Processor Information for processor 2
  Max Mhz: 1992, Current Mhz: 1494, Mhz Limit: 1792
Processor Information for processor 3
  Max Mhz: 1992, Current Mhz: 1494, Mhz Limit: 1792
Processor Information for processor 4
  Max Mhz: 1992, Current Mhz: 1792, Mhz Limit: 1792
Processor Information for processor 5
  Max Mhz: 1992, Current Mhz: 1494, Mhz Limit: 1792
Processor Information for processor 6
  Max Mhz: 1992, Current Mhz: 1494, Mhz Limit: 1792
Processor Information for processor 7
  Max Mhz: 1992, Current Mhz: 1494, Mhz Limit: 1792

Memory: 4k page, system-wide physical 16259M (5262M free)
TotalPageFile size 44780M (AvailPageFile size 50M)
current process WorkingSet (physical memory assigned to process): 12M, peak: 12M
current process commit charge ("private bytes"): 60M, peak: 316M

vm_info: Java HotSpot(TM) 64-Bit Server VM (22.0.2+9-70) for windows-amd64 JRE (22.0.2+9-70), built on 2024-06-04T16:52:23Z by "mach5one" with MS VC++ 17.6 (VS2022)

END.
